[01m[K/home/pi/documents/STA_github/ros2_ws/src/shark/src/shark.cpp:29:23:[m[K [01;35m[Kwarning: [m[Kmissing initializer for member â€˜[01m[Kpose_t::y[m[Kâ€™ [[01;35m[K]8;;https://gcc.gnu.org/onlinedocs/gcc/Warning-Options.html#index-Wmissing-field-initializers-Wmissing-field-initializers]8;;[m[K]
   29 | pose_t robot_slam = {0[01;35m[K}[m[K ;
      |                       [01;35m[K^[m[K
[01m[K/home/pi/documents/STA_github/ros2_ws/src/shark/src/shark.cpp:29:23:[m[K [01;35m[Kwarning: [m[Kmissing initializer for member â€˜[01m[Kpose_t::theta[m[Kâ€™ [[01;35m[K]8;;https://gcc.gnu.org/onlinedocs/gcc/Warning-Options.html#index-Wmissing-field-initializers-Wmissing-field-initializers]8;;[m[K]
[01m[K/home/pi/documents/STA_github/ros2_ws/src/shark/src/shark.cpp:30:19:[m[K [01;35m[Kwarning: [m[Kmissing initializer for member â€˜[01m[Kpose_t::y[m[Kâ€™ [[01;35m[K]8;;https://gcc.gnu.org/onlinedocs/gcc/Warning-Options.html#index-Wmissing-field-initializers-Wmissing-field-initializers]8;;[m[K]
   30 | pose_t origin = {0[01;35m[K}[m[K ;
      |                   [01;35m[K^[m[K
[01m[K/home/pi/documents/STA_github/ros2_ws/src/shark/src/shark.cpp:30:19:[m[K [01;35m[Kwarning: [m[Kmissing initializer for member â€˜[01m[Kpose_t::theta[m[Kâ€™ [[01;35m[K]8;;https://gcc.gnu.org/onlinedocs/gcc/Warning-Options.html#index-Wmissing-field-initializers-Wmissing-field-initializers]8;;[m[K]
[01m[K/home/pi/documents/STA_github/ros2_ws/src/shark/src/shark.cpp:[m[K In function â€˜[01m[Knode_t* a_star(node_t*, double)[m[Kâ€™:
[01m[K/home/pi/documents/STA_github/ros2_ws/src/shark/src/shark.cpp:182:19:[m[K [01;35m[Kwarning: [m[Kformat â€˜[01m[K%p[m[Kâ€™ expects argument of type â€˜[01m[Kvoid*[m[Kâ€™, but argument 2 has type â€˜[01m[Knode_t*[m[Kâ€™ [[01;35m[K]8;;https://gcc.gnu.org/onlinedocs/gcc/Warning-Options.html#index-Wformat=-Wformat=]8;;[m[K]
  182 |         printf("[[01;35m[K%p[m[K] \n", [32m[Knode->children[i][m[K );
      |                  [01;35m[K~^[m[K       [32m[K~~~~~~~~~~~~~~~~~[m[K
      |                   [01;35m[K|[m[K                       [32m[K|[m[K
      |                   [01;35m[Kvoid*[m[K                   [32m[Knode_t*[m[K
[01m[K/home/pi/documents/STA_github/ros2_ws/src/shark/src/shark.cpp:188:19:[m[K [01;35m[Kwarning: [m[Kformat â€˜[01m[K%p[m[Kâ€™ expects argument of type â€˜[01m[Kvoid*[m[Kâ€™, but argument 2 has type â€˜[01m[Knode_t*[m[Kâ€™ [[01;35m[K]8;;https://gcc.gnu.org/onlinedocs/gcc/Warning-Options.html#index-Wformat=-Wformat=]8;;[m[K]
  188 |         printf("[[01;35m[K%p[m[K] \n", [32m[Knode->children[i][m[K );
      |                  [01;35m[K~^[m[K       [32m[K~~~~~~~~~~~~~~~~~[m[K
      |                   [01;35m[K|[m[K                       [32m[K|[m[K
      |                   [01;35m[Kvoid*[m[K                   [32m[Knode_t*[m[K
[01m[K/home/pi/documents/STA_github/ros2_ws/src/shark/src/shark.cpp:[m[K In function â€˜[01m[Kint main(int, char**)[m[Kâ€™:
[01m[K/home/pi/documents/STA_github/ros2_ws/src/shark/src/shark.cpp:275:18:[m[K [01;35m[Kwarning: [m[Kformat â€˜[01m[K%p[m[Kâ€™ expects argument of type â€˜[01m[Kvoid*[m[Kâ€™, but argument 2 has type â€˜[01m[Knode_t*[m[Kâ€™ [[01;35m[K]8;;https://gcc.gnu.org/onlinedocs/gcc/Warning-Options.html#index-Wformat=-Wformat=]8;;[m[K]
  275 |         printf("[01;35m[K%p[m[K \n", [32m[Kstart.children[0][m[K) ;
      |                 [01;35m[K~^[m[K      [32m[K~~~~~~~~~~~~~~~~~[m[K
      |                  [01;35m[K|[m[K                      [32m[K|[m[K
      |                  [01;35m[Kvoid*[m[K                  [32m[Knode_t*[m[K
[01m[K/home/pi/documents/STA_github/ros2_ws/src/shark/src/shark.cpp:293:53:[m[K [01;31m[Kerror: [m[Kâ€˜[01m[KO_RDWR[m[Kâ€™ was not declared in this scope
  293 |                 int serial_port = open("/dev/USB0", [01;31m[KO_RDWR[m[K);    // GPIO pins
      |                                                     [01;31m[K^~~~~~[m[K
[01m[K/home/pi/documents/STA_github/ros2_ws/src/shark/src/shark.cpp:293:35:[m[K [01;31m[Kerror: [m[Kâ€˜[01m[Kopen[m[Kâ€™ was not declared in this scope; did you mean â€˜[01m[Kpopen[m[Kâ€™?
  293 |                 int serial_port = [01;31m[Kopen[m[K("/dev/USB0", O_RDWR);    // GPIO pins
      |                                   [01;31m[K^~~~[m[K
      |                                   [32m[Kpopen[m[K
[01m[K/home/pi/documents/STA_github/ros2_ws/src/shark/src/shark.cpp:299:32:[m[K [01;31m[Kerror: [m[Kaggregate â€˜[01m[Kmain(int, char**)::termios tty[m[Kâ€™ has incomplete type and cannot be defined
  299 |                 struct termios [01;31m[Ktty[m[K ;            // struct that store serial configuration
      |                                [01;31m[K^~~[m[K
[01m[K/home/pi/documents/STA_github/ros2_ws/src/shark/src/shark.cpp:300:17:[m[K [01;31m[Kerror: [m[Kâ€˜[01m[Ktcgetattr[m[Kâ€™ was not declared in this scope
  300 |                 [01;31m[Ktcgetattr[m[K(serial_port, &tty) ;
      |                 [01;31m[K^~~~~~~~~[m[K
[01m[K/home/pi/documents/STA_github/ros2_ws/src/shark/src/shark.cpp:301:26:[m[K [01;31m[Kerror: [m[Kâ€˜[01m[KVTIME[m[Kâ€™ was not declared in this scope; did you mean â€˜[01m[KETIME[m[Kâ€™?
  301 |                 tty.c_cc[[01;31m[KVTIME[m[K] = 0;            // no timeout delay
      |                          [01;31m[K^~~~~[m[K
      |                          [32m[KETIME[m[K
[01m[K/home/pi/documents/STA_github/ros2_ws/src/shark/src/shark.cpp:302:26:[m[K [01;31m[Kerror: [m[Kâ€˜[01m[KVMIN[m[Kâ€™ was not declared in this scope
  302 |                 tty.c_cc[[01;31m[KVMIN[m[K] = 0;             // no timeout delay
      |                          [01;31m[K^~~~[m[K
[01m[K/home/pi/documents/STA_github/ros2_ws/src/shark/src/shark.cpp:303:35:[m[K [01;31m[Kerror: [m[Kâ€˜[01m[KB115200[m[Kâ€™ was not declared in this scope
  303 |                 cfsetispeed(&tty, [01;31m[KB115200[m[K);     // define input speed
      |                                   [01;31m[K^~~~~~~[m[K
[01m[K/home/pi/documents/STA_github/ros2_ws/src/shark/src/shark.cpp:303:17:[m[K [01;31m[Kerror: [m[Kâ€˜[01m[Kcfsetispeed[m[Kâ€™ was not declared in this scope
  303 |                 [01;31m[Kcfsetispeed[m[K(&tty, B115200);     // define input speed
      |                 [01;31m[K^~~~~~~~~~~[m[K
[01m[K/home/pi/documents/STA_github/ros2_ws/src/shark/src/shark.cpp:304:17:[m[K [01;31m[Kerror: [m[Kâ€˜[01m[Kcfsetospeed[m[Kâ€™ was not declared in this scope
  304 |                 [01;31m[Kcfsetospeed[m[K(&tty, B115200);     // define output speed
      |                 [01;31m[K^~~~~~~~~~~[m[K
[01m[K/home/pi/documents/STA_github/ros2_ws/src/shark/src/shark.cpp:311:37:[m[K [01;31m[Kerror: [m[Kâ€˜[01m[Kbuffer[m[Kâ€™ was not declared in this scope; did you mean â€˜[01m[Ksetbuffer[m[Kâ€™?
  311 |                 else if(n == strlen([01;31m[Kbuffer[m[K)){
      |                                     [01;31m[K^~~~~~[m[K
      |                                     [32m[Ksetbuffer[m[K
[01m[K/home/pi/documents/STA_github/ros2_ws/src/shark/src/shark.cpp:319:17:[m[K [01;31m[Kerror: [m[Kâ€˜[01m[Kgetch[m[Kâ€™ was not declared in this scope; did you mean â€˜[01m[Kgetc[m[Kâ€™?
  319 |                 [01;31m[Kgetch[m[K();
      |                 [01;31m[K^~~~~[m[K
      |                 [32m[Kgetc[m[K
gmake[2]: *** [CMakeFiles/shark.dir/build.make:76: CMakeFiles/shark.dir/src/shark.cpp.o] Error 1
gmake[1]: *** [CMakeFiles/Makefile2:137: CMakeFiles/shark.dir/all] Error 2
gmake: *** [Makefile:146: all] Error 2
