[35m[1mConsolidate compiler generated dependencies of target shark[0m
[ 50%] [32mBuilding CXX object CMakeFiles/shark.dir/src/shark.cpp.o[0m
[01m[K/home/pi/documents/STA_github/ros2_ws/src/shark/src/shark.cpp:[m[K In constructor â€˜[01m[KMapSubscriber::MapSubscriber()[m[Kâ€™:
[01m[K/home/pi/documents/STA_github/ros2_ws/src/shark/src/shark.cpp:61:60:[m[K [01;31m[Kerror: [m[Kâ€˜[01m[KOccupancyGrid[m[Kâ€™ is not a member of â€˜[01m[Knav_msgs[m[Kâ€™; did you mean â€˜[01m[Knav_msgs::msg::OccupancyGrid[m[Kâ€™?
   61 |     subscription_map = this->create_subscription<nav_msgs::[01;31m[Kmsg::Occupanc[m[KyGrid>(
      |                                                            [01;31m[K^~~~~~~~~~~~~[m[K
In file included from [01m[K/opt/ros/iron/include/nav_msgs/nav_msgs/msg/occupancy_grid.hpp:7[m[K,
                 from [01m[K/home/pi/documents/STA_github/ros2_ws/src/shark/src/shark.cpp:10[m[K:
[01m[K/opt/ros/iron/include/nav_msgs/nav_msgs/msg/detail/occupancy_grid__struct.hpp:147:7:[m[K [01;36m[Knote: [m[Kâ€˜[01m[Knav_msgs::msg::OccupancyGrid[m[Kâ€™ declared here
  147 | using [01;36m[KOccupancyGrid[m[K =
      |       [01;36m[K^~~~~~~~~~~~~[m[K
[01m[K/home/pi/documents/STA_github/ros2_ws/src/shark/src/shark.cpp:61:74:[m[K [01;31m[Kerror: [m[Kno matching function for call to â€˜[01m[KMapSubscriber::create_subscription<<expression error> >(const char [4], int, std::_Bind_helper<false, void (MapSubscriber::*)(const std::shared_ptr<nav_msgs::msg::OccupancyGrid_<std::allocator<void> > >&) const, MapSubscriber*, const std::_Placeholder<1>&>::type)[m[Kâ€™
   61 |     subscription_map = [01;31m[Kthis->create_subscription<nav_msgs::msg::OccupancyGrid>([m[K
      |                        [01;31m[K~~~~~~~~~~~~~~~~~~~~~~~~~~~~~~~~~~~~~~~~~~~~~~~~~~^~~~~~[m[K
   62 | [01;31m[K      "map", 10, std::bind(&MapSubscriber::topic_callback, this, _1))[m[K;
      |       [01;31m[K~~~~~~~~~~~~~~~~~~~~~~~~~~~~~~~~~~~~~~~~~~~~~~~~~~~~~~~~~~~~~~~[m[K     
In file included from [01m[K/opt/ros/iron/include/rclcpp/rclcpp/executors/single_threaded_executor.hpp:28[m[K,
                 from [01m[K/opt/ros/iron/include/rclcpp/rclcpp/executors.hpp:22[m[K,
                 from [01m[K/opt/ros/iron/include/rclcpp/rclcpp/rclcpp.hpp:167[m[K,
                 from [01m[K/home/pi/documents/STA_github/ros2_ws/src/shark/src/shark.cpp:6[m[K:
[01m[K/opt/ros/iron/include/rclcpp/rclcpp/node.hpp:220:3:[m[K [01;36m[Knote: [m[Kcandidate: â€˜[01m[Ktemplate<class MessageT, class CallbackT, class AllocatorT, class SubscriptionT, class MessageMemoryStrategyT> std::shared_ptr<ROSMessageT> rclcpp::Node::create_subscription(const string&, const rclcpp::QoS&, CallbackT&&, const rclcpp::SubscriptionOptionsWithAllocator<AllocatorT>&, typename MessageMemoryStrategyT::SharedPtr)[m[Kâ€™
  220 |   [01;36m[Kcreate_subscription[m[K(
      |   [01;36m[K^~~~~~~~~~~~~~~~~~~[m[K
[01m[K/opt/ros/iron/include/rclcpp/rclcpp/node.hpp:220:3:[m[K [01;36m[Knote: [m[K  template argument deduction/substitution failed:
[01m[K/home/pi/documents/STA_github/ros2_ws/src/shark/src/shark.cpp:61:74:[m[K [01;31m[Kerror: [m[Ktemplate argument 1 is invalid
   61 |     subscription_map = [01;31m[Kthis->create_subscription<nav_msgs::msg::OccupancyGrid>([m[K
      |                        [01;31m[K~~~~~~~~~~~~~~~~~~~~~~~~~~~~~~~~~~~~~~~~~~~~~~~~~~^~~~~~[m[K
   62 | [01;31m[K      "map", 10, std::bind(&MapSubscriber::topic_callback, this, _1))[m[K;
      |       [01;31m[K~~~~~~~~~~~~~~~~~~~~~~~~~~~~~~~~~~~~~~~~~~~~~~~~~~~~~~~~~~~~~~~[m[K     
[01m[K/home/pi/documents/STA_github/ros2_ws/src/shark/src/shark.cpp:[m[K At global scope:
[01m[K/home/pi/documents/STA_github/ros2_ws/src/shark/src/shark.cpp:86:2:[m[K [01;31m[Kerror: [m[Kexpected unqualified-id before â€˜[01m[K/[m[Kâ€™ token
   86 | *[01;31m[K/[m[K
      |  [01;31m[K^[m[K
gmake[2]: *** [CMakeFiles/shark.dir/build.make:76: CMakeFiles/shark.dir/src/shark.cpp.o] Interrupt
gmake[1]: *** [CMakeFiles/Makefile2:137: CMakeFiles/shark.dir/all] Interrupt
gmake: *** [Makefile:146: all] Interrupt
