[35m[1mConsolidate compiler generated dependencies of target shark[0m
[ 50%] [32mBuilding CXX object CMakeFiles/shark.dir/src/shark.cpp.o[0m
[01m[K/home/pi/documents/STA_github/ros2_ws/src/shark/src/shark.cpp:[m[K In constructor â€˜[01m[KMapSubscriber::MapSubscriber()[m[Kâ€™:
[01m[K/home/pi/documents/STA_github/ros2_ws/src/shark/src/shark.cpp:60:5:[m[K [01;31m[Kerror: [m[Kâ€˜[01m[Ksubscription_map[m[Kâ€™ was not declared in this scope
   60 |     [01;31m[Ksubscription_map[m[K = this->create_subscription<nav_msgs::msg::OccupancyGrid>(
      |     [01;31m[K^~~~~~~~~~~~~~~~[m[K
gmake[2]: *** [CMakeFiles/shark.dir/build.make:76: CMakeFiles/shark.dir/src/shark.cpp.o] Error 1
gmake[1]: *** [CMakeFiles/Makefile2:137: CMakeFiles/shark.dir/all] Error 2
gmake: *** [Makefile:146: all] Error 2
