[0.916s] Invoking command in '/home/pi/documents/STA_github/ros2_ws/build/shark': CMAKE_PREFIX_PATH=${CMAKE_PREFIX_PATH}:/home/pi/ros2_ws/install/ydlidar_ros2_driver:/opt/ros/iron /usr/bin/cmake --build /home/pi/documents/STA_github/ros2_ws/build/shark -- -j4 -l4
[1.211s] [35m[1mConsolidate compiler generated dependencies of target shark[0m
[1.339s] [ 33%] [32mBuilding CXX object CMakeFiles/shark.dir/src/shark.cpp.o[0m
[16.216s] [01m[K/home/pi/documents/STA_github/ros2_ws/src/shark/src/shark.cpp:27:18:[m[K [01;35m[Kwarning: [m[Kmissing initializer for member â€˜[01m[Kpose_t::y[m[Kâ€™ [[01;35m[K]8;;https://gcc.gnu.org/onlinedocs/gcc/Warning-Options.html#index-Wmissing-field-initializers-Wmissing-field-initializers]8;;[m[K]
[16.217s]    27 | pose_t robot = {0[01;35m[K}[m[K ;
[16.218s]       |                  [01;35m[K^[m[K
[16.219s] [01m[K/home/pi/documents/STA_github/ros2_ws/src/shark/src/shark.cpp:27:18:[m[K [01;35m[Kwarning: [m[Kmissing initializer for member â€˜[01m[Kpose_t::theta[m[Kâ€™ [[01;35m[K]8;;https://gcc.gnu.org/onlinedocs/gcc/Warning-Options.html#index-Wmissing-field-initializers-Wmissing-field-initializers]8;;[m[K]
[16.221s] [01m[K/home/pi/documents/STA_github/ros2_ws/src/shark/src/shark.cpp:28:19:[m[K [01;35m[Kwarning: [m[Kmissing initializer for member â€˜[01m[Kpose_t::y[m[Kâ€™ [[01;35m[K]8;;https://gcc.gnu.org/onlinedocs/gcc/Warning-Options.html#index-Wmissing-field-initializers-Wmissing-field-initializers]8;;[m[K]
[16.222s]    28 | pose_t origin = {0[01;35m[K}[m[K ;
[16.223s]       |                   [01;35m[K^[m[K
[16.224s] [01m[K/home/pi/documents/STA_github/ros2_ws/src/shark/src/shark.cpp:28:19:[m[K [01;35m[Kwarning: [m[Kmissing initializer for member â€˜[01m[Kpose_t::theta[m[Kâ€™ [[01;35m[K]8;;https://gcc.gnu.org/onlinedocs/gcc/Warning-Options.html#index-Wmissing-field-initializers-Wmissing-field-initializers]8;;[m[K]
[16.459s] [01m[K/home/pi/documents/STA_github/ros2_ws/src/shark/src/shark.cpp:[m[K In member function â€˜[01m[Kvoid MapSubscriber::topic_callback(nav_msgs::msg::OccupancyGrid_<std::allocator<void> >::SharedPtr)[m[Kâ€™:
[16.460s] [01m[K/home/pi/documents/STA_github/ros2_ws/src/shark/src/shark.cpp:70:9:[m[K [01;31m[Kerror: [m[Kexpected unqualified-id before â€˜[01m[K=[m[Kâ€™ token
[16.460s]    70 |     map [01;31m[K=[m[K msg->data ;
[16.460s]       |         [01;31m[K^[m[K
[16.462s] [01m[K/home/pi/documents/STA_github/ros2_ws/src/shark/src/shark.cpp:[m[K In function â€˜[01m[Knode_t* a_star(node_t*, double)[m[Kâ€™:
[16.463s] [01m[K/home/pi/documents/STA_github/ros2_ws/src/shark/src/shark.cpp:154:19:[m[K [01;35m[Kwarning: [m[Kformat â€˜[01m[K%p[m[Kâ€™ expects argument of type â€˜[01m[Kvoid*[m[Kâ€™, but argument 2 has type â€˜[01m[Knode_t*[m[Kâ€™ [[01;35m[K]8;;https://gcc.gnu.org/onlinedocs/gcc/Warning-Options.html#index-Wformat=-Wformat=]8;;[m[K]
[16.463s]   154 |         printf("[[01;35m[K%p[m[K] \n", [32m[Knode->children[i][m[K );
[16.464s]       |                  [01;35m[K~^[m[K       [32m[K~~~~~~~~~~~~~~~~~[m[K
[16.464s]       |                   [01;35m[K|[m[K                       [32m[K|[m[K
[16.465s]       |                   [01;35m[Kvoid*[m[K                   [32m[Knode_t*[m[K
[16.465s] [01m[K/home/pi/documents/STA_github/ros2_ws/src/shark/src/shark.cpp:160:19:[m[K [01;35m[Kwarning: [m[Kformat â€˜[01m[K%p[m[Kâ€™ expects argument of type â€˜[01m[Kvoid*[m[Kâ€™, but argument 2 has type â€˜[01m[Knode_t*[m[Kâ€™ [[01;35m[K]8;;https://gcc.gnu.org/onlinedocs/gcc/Warning-Options.html#index-Wformat=-Wformat=]8;;[m[K]
[16.466s]   160 |         printf("[[01;35m[K%p[m[K] \n", [32m[Knode->children[i][m[K );
[16.466s]       |                  [01;35m[K~^[m[K       [32m[K~~~~~~~~~~~~~~~~~[m[K
[16.466s]       |                   [01;35m[K|[m[K                       [32m[K|[m[K
[16.467s]       |                   [01;35m[Kvoid*[m[K                   [32m[Knode_t*[m[K
[16.482s] [01m[K/home/pi/documents/STA_github/ros2_ws/src/shark/src/shark.cpp:[m[K In function â€˜[01m[Kint main(int, char**)[m[Kâ€™:
[16.484s] [01m[K/home/pi/documents/STA_github/ros2_ws/src/shark/src/shark.cpp:225:24:[m[K [01;35m[Kwarning: [m[Ktoo many arguments for format [[01;35m[K]8;;https://gcc.gnu.org/onlinedocs/gcc/Warning-Options.html#index-Wformat-extra-args-Wformat-extra-args]8;;[m[K]
[16.485s]   225 |                 printf([01;35m[K"%d %d %d %d %d \n"[m[K, map_now[0], map_now[1], map_now[2], map_now[3], map_now[4], map_now[5] );
[16.487s]       |                        [01;35m[K^~~~~~~~~~~~~~~~~~~[m[K
[16.488s] [01m[K/home/pi/documents/STA_github/ros2_ws/src/shark/src/shark.cpp:236:18:[m[K [01;35m[Kwarning: [m[Kformat â€˜[01m[K%p[m[Kâ€™ expects argument of type â€˜[01m[Kvoid*[m[Kâ€™, but argument 2 has type â€˜[01m[Knode_t*[m[Kâ€™ [[01;35m[K]8;;https://gcc.gnu.org/onlinedocs/gcc/Warning-Options.html#index-Wformat=-Wformat=]8;;[m[K]
[16.489s]   236 |         printf("[01;35m[K%p[m[K \n", [32m[Kstart.children[0][m[K) ;
[16.490s]       |                 [01;35m[K~^[m[K      [32m[K~~~~~~~~~~~~~~~~~[m[K
[16.491s]       |                  [01;35m[K|[m[K                      [32m[K|[m[K
[16.492s]       |                  [01;35m[Kvoid*[m[K                  [32m[Knode_t*[m[K
[16.492s] [01m[K/home/pi/documents/STA_github/ros2_ws/src/shark/src/shark.cpp:223:21:[m[K [01;35m[Kwarning: [m[Kunused variable â€˜[01m[Ki[m[Kâ€™ [[01;35m[K]8;;https://gcc.gnu.org/onlinedocs/gcc/Warning-Options.html#index-Wunused-variable-Wunused-variable]8;;[m[K]
[16.493s]   223 |                 int [01;35m[Ki[m[K;
[16.494s]       |                     [01;35m[K^[m[K
[23.685s] gmake[2]: *** [CMakeFiles/shark.dir/build.make:76: CMakeFiles/shark.dir/src/shark.cpp.o] Error 1
[23.686s] gmake[1]: *** [CMakeFiles/Makefile2:137: CMakeFiles/shark.dir/all] Error 2
[23.688s] gmake: *** [Makefile:146: all] Error 2
[23.695s] Invoked command in '/home/pi/documents/STA_github/ros2_ws/build/shark' returned '2': CMAKE_PREFIX_PATH=${CMAKE_PREFIX_PATH}:/home/pi/ros2_ws/install/ydlidar_ros2_driver:/opt/ros/iron /usr/bin/cmake --build /home/pi/documents/STA_github/ros2_ws/build/shark -- -j4 -l4
