[0.932s] Invoking command in '/home/pi/documents/STA_github/ros2_ws/build/shark': CMAKE_PREFIX_PATH=${CMAKE_PREFIX_PATH}:/home/pi/ros2_ws/install/ydlidar_ros2_driver:/opt/ros/iron /usr/bin/cmake --build /home/pi/documents/STA_github/ros2_ws/build/shark -- -j4 -l4
[1.300s] [35m[1mConsolidate compiler generated dependencies of target shark[0m
[1.428s] [ 33%] [32mBuilding CXX object CMakeFiles/shark.dir/src/shark.cpp.o[0m
[16.341s] [01m[K/home/pi/documents/STA_github/ros2_ws/src/shark/src/shark.cpp:27:18:[m[K [01;35m[Kwarning: [m[Kmissing initializer for member â€˜[01m[Kpose_t::y[m[Kâ€™ [[01;35m[K]8;;https://gcc.gnu.org/onlinedocs/gcc/Warning-Options.html#index-Wmissing-field-initializers-Wmissing-field-initializers]8;;[m[K]
[16.342s]    27 | pose_t robot = {0[01;35m[K}[m[K ;
[16.343s]       |                  [01;35m[K^[m[K
[16.344s] [01m[K/home/pi/documents/STA_github/ros2_ws/src/shark/src/shark.cpp:27:18:[m[K [01;35m[Kwarning: [m[Kmissing initializer for member â€˜[01m[Kpose_t::theta[m[Kâ€™ [[01;35m[K]8;;https://gcc.gnu.org/onlinedocs/gcc/Warning-Options.html#index-Wmissing-field-initializers-Wmissing-field-initializers]8;;[m[K]
[16.344s] [01m[K/home/pi/documents/STA_github/ros2_ws/src/shark/src/shark.cpp:28:19:[m[K [01;35m[Kwarning: [m[Kmissing initializer for member â€˜[01m[Kpose_t::y[m[Kâ€™ [[01;35m[K]8;;https://gcc.gnu.org/onlinedocs/gcc/Warning-Options.html#index-Wmissing-field-initializers-Wmissing-field-initializers]8;;[m[K]
[16.344s]    28 | pose_t origin = {0[01;35m[K}[m[K ;
[16.345s]       |                   [01;35m[K^[m[K
[16.346s] [01m[K/home/pi/documents/STA_github/ros2_ws/src/shark/src/shark.cpp:28:19:[m[K [01;35m[Kwarning: [m[Kmissing initializer for member â€˜[01m[Kpose_t::theta[m[Kâ€™ [[01;35m[K]8;;https://gcc.gnu.org/onlinedocs/gcc/Warning-Options.html#index-Wmissing-field-initializers-Wmissing-field-initializers]8;;[m[K]
[16.346s] [01m[K/home/pi/documents/STA_github/ros2_ws/src/shark/src/shark.cpp:29:10:[m[K [01;31m[Kerror: [m[Kdeclaration of â€˜[01m[Kmap_now[m[Kâ€™ as multidimensional array must have bounds for all dimensions except the first
[16.347s]    29 | int8_t * [01;31m[Kmap_now[m[K[][] ;
[16.347s]       |          [01;31m[K^~~~~~~[m[K
[16.585s] [01m[K/home/pi/documents/STA_github/ros2_ws/src/shark/src/shark.cpp:[m[K In member function â€˜[01m[Kvoid MapSubscriber::topic_callback(nav_msgs::msg::OccupancyGrid_<std::allocator<void> >::SharedPtr)[m[Kâ€™:
[16.586s] [01m[K/home/pi/documents/STA_github/ros2_ws/src/shark/src/shark.cpp:69:9:[m[K [01;31m[Kerror: [m[Kexpected unqualified-id before â€˜[01m[K=[m[Kâ€™ token
[16.586s]    69 |     map [01;31m[K=[m[K msg->data ;
[16.587s]       |         [01;31m[K^[m[K
[16.589s] [01m[K/home/pi/documents/STA_github/ros2_ws/src/shark/src/shark.cpp:[m[K In function â€˜[01m[Knode_t* a_star(node_t*, double)[m[Kâ€™:
[16.589s] [01m[K/home/pi/documents/STA_github/ros2_ws/src/shark/src/shark.cpp:153:19:[m[K [01;35m[Kwarning: [m[Kformat â€˜[01m[K%p[m[Kâ€™ expects argument of type â€˜[01m[Kvoid*[m[Kâ€™, but argument 2 has type â€˜[01m[Knode_t*[m[Kâ€™ [[01;35m[K]8;;https://gcc.gnu.org/onlinedocs/gcc/Warning-Options.html#index-Wformat=-Wformat=]8;;[m[K]
[16.590s]   153 |         printf("[[01;35m[K%p[m[K] \n", [32m[Knode->children[i][m[K );
[16.590s]       |                  [01;35m[K~^[m[K       [32m[K~~~~~~~~~~~~~~~~~[m[K
[16.591s]       |                   [01;35m[K|[m[K                       [32m[K|[m[K
[16.591s]       |                   [01;35m[Kvoid*[m[K                   [32m[Knode_t*[m[K
[16.592s] [01m[K/home/pi/documents/STA_github/ros2_ws/src/shark/src/shark.cpp:159:19:[m[K [01;35m[Kwarning: [m[Kformat â€˜[01m[K%p[m[Kâ€™ expects argument of type â€˜[01m[Kvoid*[m[Kâ€™, but argument 2 has type â€˜[01m[Knode_t*[m[Kâ€™ [[01;35m[K]8;;https://gcc.gnu.org/onlinedocs/gcc/Warning-Options.html#index-Wformat=-Wformat=]8;;[m[K]
[16.592s]   159 |         printf("[[01;35m[K%p[m[K] \n", [32m[Knode->children[i][m[K );
[16.593s]       |                  [01;35m[K~^[m[K       [32m[K~~~~~~~~~~~~~~~~~[m[K
[16.593s]       |                   [01;35m[K|[m[K                       [32m[K|[m[K
[16.594s]       |                   [01;35m[Kvoid*[m[K                   [32m[Knode_t*[m[K
[16.640s] [01m[K/home/pi/documents/STA_github/ros2_ws/src/shark/src/shark.cpp:[m[K In function â€˜[01m[Kint main(int, char**)[m[Kâ€™:
[16.641s] [01m[K/home/pi/documents/STA_github/ros2_ws/src/shark/src/shark.cpp:224:45:[m[K [01;31m[Kerror: [m[Kâ€˜[01m[Kmap_now[m[Kâ€™ was not declared in this scope
[16.641s]   224 |                 printf("%d %d %d %d %d \n", [01;31m[Kmap_now[m[K[0][0], map_now[0][1], map_now[0][2], map_now[0][3], map_now[0][4], map_now[0][5] );
[16.642s]       |                                             [01;31m[K^~~~~~~[m[K
[16.643s] [01m[K/home/pi/documents/STA_github/ros2_ws/src/shark/src/shark.cpp:235:18:[m[K [01;35m[Kwarning: [m[Kformat â€˜[01m[K%p[m[Kâ€™ expects argument of type â€˜[01m[Kvoid*[m[Kâ€™, but argument 2 has type â€˜[01m[Knode_t*[m[Kâ€™ [[01;35m[K]8;;https://gcc.gnu.org/onlinedocs/gcc/Warning-Options.html#index-Wformat=-Wformat=]8;;[m[K]
[16.644s]   235 |         printf("[01;35m[K%p[m[K \n", [32m[Kstart.children[0][m[K) ;
[16.645s]       |                 [01;35m[K~^[m[K      [32m[K~~~~~~~~~~~~~~~~~[m[K
[16.646s]       |                  [01;35m[K|[m[K                      [32m[K|[m[K
[16.646s]       |                  [01;35m[Kvoid*[m[K                  [32m[Knode_t*[m[K
[16.647s] [01m[K/home/pi/documents/STA_github/ros2_ws/src/shark/src/shark.cpp:222:21:[m[K [01;35m[Kwarning: [m[Kunused variable â€˜[01m[Ki[m[Kâ€™ [[01;35m[K]8;;https://gcc.gnu.org/onlinedocs/gcc/Warning-Options.html#index-Wunused-variable-Wunused-variable]8;;[m[K]
[16.647s]   222 |                 int [01;35m[Ki[m[K;
[16.647s]       |                     [01;35m[K^[m[K
[23.848s] gmake[2]: *** [CMakeFiles/shark.dir/build.make:76: CMakeFiles/shark.dir/src/shark.cpp.o] Error 1
[23.849s] gmake[1]: *** [CMakeFiles/Makefile2:137: CMakeFiles/shark.dir/all] Error 2
[23.850s] gmake: *** [Makefile:146: all] Error 2
[23.858s] Invoked command in '/home/pi/documents/STA_github/ros2_ws/build/shark' returned '2': CMAKE_PREFIX_PATH=${CMAKE_PREFIX_PATH}:/home/pi/ros2_ws/install/ydlidar_ros2_driver:/opt/ros/iron /usr/bin/cmake --build /home/pi/documents/STA_github/ros2_ws/build/shark -- -j4 -l4
