[35m[1mConsolidate compiler generated dependencies of target shark[0m
[ 33%] [32mBuilding CXX object CMakeFiles/shark.dir/src/shark.cpp.o[0m
[01m[K/home/pi/documents/STA_github/ros2_ws/src/shark/src/shark.cpp:37:23:[m[K [01;35m[Kwarning: [m[Kmissing initializer for member â€˜[01m[Kpose_t::y[m[Kâ€™ [[01;35m[K]8;;https://gcc.gnu.org/onlinedocs/gcc/Warning-Options.html#index-Wmissing-field-initializers-Wmissing-field-initializers]8;;[m[K]
   37 | pose_t robot_slam = {0[01;35m[K}[m[K ;
      |                       [01;35m[K^[m[K
[01m[K/home/pi/documents/STA_github/ros2_ws/src/shark/src/shark.cpp:37:23:[m[K [01;35m[Kwarning: [m[Kmissing initializer for member â€˜[01m[Kpose_t::theta[m[Kâ€™ [[01;35m[K]8;;https://gcc.gnu.org/onlinedocs/gcc/Warning-Options.html#index-Wmissing-field-initializers-Wmissing-field-initializers]8;;[m[K]
[01m[K/home/pi/documents/STA_github/ros2_ws/src/shark/src/shark.cpp:38:19:[m[K [01;35m[Kwarning: [m[Kmissing initializer for member â€˜[01m[Kpose_t::y[m[Kâ€™ [[01;35m[K]8;;https://gcc.gnu.org/onlinedocs/gcc/Warning-Options.html#index-Wmissing-field-initializers-Wmissing-field-initializers]8;;[m[K]
   38 | pose_t origin = {0[01;35m[K}[m[K ;
      |                   [01;35m[K^[m[K
[01m[K/home/pi/documents/STA_github/ros2_ws/src/shark/src/shark.cpp:38:19:[m[K [01;35m[Kwarning: [m[Kmissing initializer for member â€˜[01m[Kpose_t::theta[m[Kâ€™ [[01;35m[K]8;;https://gcc.gnu.org/onlinedocs/gcc/Warning-Options.html#index-Wmissing-field-initializers-Wmissing-field-initializers]8;;[m[K]
[01m[K/home/pi/documents/STA_github/ros2_ws/src/shark/src/shark.cpp:[m[K In function â€˜[01m[Knode_t* a_star(node_t*, double)[m[Kâ€™:
[01m[K/home/pi/documents/STA_github/ros2_ws/src/shark/src/shark.cpp:190:19:[m[K [01;35m[Kwarning: [m[Kformat â€˜[01m[K%p[m[Kâ€™ expects argument of type â€˜[01m[Kvoid*[m[Kâ€™, but argument 2 has type â€˜[01m[Knode_t*[m[Kâ€™ [[01;35m[K]8;;https://gcc.gnu.org/onlinedocs/gcc/Warning-Options.html#index-Wformat=-Wformat=]8;;[m[K]
  190 |         printf("[[01;35m[K%p[m[K] \n", [32m[Knode->children[i][m[K );
      |                  [01;35m[K~^[m[K       [32m[K~~~~~~~~~~~~~~~~~[m[K
      |                   [01;35m[K|[m[K                       [32m[K|[m[K
      |                   [01;35m[Kvoid*[m[K                   [32m[Knode_t*[m[K
[01m[K/home/pi/documents/STA_github/ros2_ws/src/shark/src/shark.cpp:196:19:[m[K [01;35m[Kwarning: [m[Kformat â€˜[01m[K%p[m[Kâ€™ expects argument of type â€˜[01m[Kvoid*[m[Kâ€™, but argument 2 has type â€˜[01m[Knode_t*[m[Kâ€™ [[01;35m[K]8;;https://gcc.gnu.org/onlinedocs/gcc/Warning-Options.html#index-Wformat=-Wformat=]8;;[m[K]
  196 |         printf("[[01;35m[K%p[m[K] \n", [32m[Knode->children[i][m[K );
      |                  [01;35m[K~^[m[K       [32m[K~~~~~~~~~~~~~~~~~[m[K
      |                   [01;35m[K|[m[K                       [32m[K|[m[K
      |                   [01;35m[Kvoid*[m[K                   [32m[Knode_t*[m[K
[01m[K/home/pi/documents/STA_github/ros2_ws/src/shark/src/shark.cpp:[m[K In function â€˜[01m[Kint main(int, char**)[m[Kâ€™:
[01m[K/home/pi/documents/STA_github/ros2_ws/src/shark/src/shark.cpp:283:18:[m[K [01;35m[Kwarning: [m[Kformat â€˜[01m[K%p[m[Kâ€™ expects argument of type â€˜[01m[Kvoid*[m[Kâ€™, but argument 2 has type â€˜[01m[Knode_t*[m[Kâ€™ [[01;35m[K]8;;https://gcc.gnu.org/onlinedocs/gcc/Warning-Options.html#index-Wformat=-Wformat=]8;;[m[K]
  283 |         printf("[01;35m[K%p[m[K \n", [32m[Kstart.children[0][m[K) ;
      |                 [01;35m[K~^[m[K      [32m[K~~~~~~~~~~~~~~~~~[m[K
      |                  [01;35m[K|[m[K                      [32m[K|[m[K
      |                  [01;35m[Kvoid*[m[K                  [32m[Knode_t*[m[K
[01m[K/home/pi/documents/STA_github/ros2_ws/src/shark/src/shark.cpp:319:37:[m[K [01;31m[Kerror: [m[Kâ€˜[01m[Kbuffer[m[Kâ€™ was not declared in this scope; did you mean â€˜[01m[Ksetbuffer[m[Kâ€™?
  319 |                 else if(n == strlen([01;31m[Kbuffer[m[K)){
      |                                     [01;31m[K^~~~~~[m[K
      |                                     [32m[Ksetbuffer[m[K
[01m[K/home/pi/documents/STA_github/ros2_ws/src/shark/src/shark.cpp:327:17:[m[K [01;31m[Kerror: [m[Kâ€˜[01m[Kgetch[m[Kâ€™ was not declared in this scope; did you mean â€˜[01m[Kgetc[m[Kâ€™?
  327 |                 [01;31m[Kgetch[m[K();
      |                 [01;31m[K^~~~~[m[K
      |                 [32m[Kgetc[m[K
gmake[2]: *** [CMakeFiles/shark.dir/build.make:76: CMakeFiles/shark.dir/src/shark.cpp.o] Error 1
gmake[1]: *** [CMakeFiles/Makefile2:137: CMakeFiles/shark.dir/all] Error 2
gmake: *** [Makefile:146: all] Error 2
