[0.920s] Invoking command in '/home/pi/documents/STA_github/ros2_ws/build/shark': CMAKE_PREFIX_PATH=${CMAKE_PREFIX_PATH}:/home/pi/ros2_ws/install/ydlidar_ros2_driver:/opt/ros/iron /usr/bin/cmake --build /home/pi/documents/STA_github/ros2_ws/build/shark -- -j4 -l4
[1.154s] [35m[1mConsolidate compiler generated dependencies of target shark[0m
[1.365s] [ 33%] [32mBuilding CXX object CMakeFiles/shark.dir/src/shark.cpp.o[0m
[16.314s] [01m[K/home/pi/documents/STA_github/ros2_ws/src/shark/src/shark.cpp:27:18:[m[K [01;35m[Kwarning: [m[Kmissing initializer for member â€˜[01m[Kpose_t::y[m[Kâ€™ [[01;35m[K]8;;https://gcc.gnu.org/onlinedocs/gcc/Warning-Options.html#index-Wmissing-field-initializers-Wmissing-field-initializers]8;;[m[K]
[16.314s]    27 | pose_t robot = {0[01;35m[K}[m[K ;
[16.315s]       |                  [01;35m[K^[m[K
[16.315s] [01m[K/home/pi/documents/STA_github/ros2_ws/src/shark/src/shark.cpp:27:18:[m[K [01;35m[Kwarning: [m[Kmissing initializer for member â€˜[01m[Kpose_t::theta[m[Kâ€™ [[01;35m[K]8;;https://gcc.gnu.org/onlinedocs/gcc/Warning-Options.html#index-Wmissing-field-initializers-Wmissing-field-initializers]8;;[m[K]
[16.316s] [01m[K/home/pi/documents/STA_github/ros2_ws/src/shark/src/shark.cpp:28:19:[m[K [01;35m[Kwarning: [m[Kmissing initializer for member â€˜[01m[Kpose_t::y[m[Kâ€™ [[01;35m[K]8;;https://gcc.gnu.org/onlinedocs/gcc/Warning-Options.html#index-Wmissing-field-initializers-Wmissing-field-initializers]8;;[m[K]
[16.316s]    28 | pose_t origin = {0[01;35m[K}[m[K ;
[16.317s]       |                   [01;35m[K^[m[K
[16.317s] [01m[K/home/pi/documents/STA_github/ros2_ws/src/shark/src/shark.cpp:28:19:[m[K [01;35m[Kwarning: [m[Kmissing initializer for member â€˜[01m[Kpose_t::theta[m[Kâ€™ [[01;35m[K]8;;https://gcc.gnu.org/onlinedocs/gcc/Warning-Options.html#index-Wmissing-field-initializers-Wmissing-field-initializers]8;;[m[K]
[16.555s] [01m[K/home/pi/documents/STA_github/ros2_ws/src/shark/src/shark.cpp:[m[K In member function â€˜[01m[Kvoid MapSubscriber::topic_callback(nav_msgs::msg::OccupancyGrid_<std::allocator<void> >::SharedPtr)[m[Kâ€™:
[16.556s] [01m[K/home/pi/documents/STA_github/ros2_ws/src/shark/src/shark.cpp:70:20:[m[K [01;31m[Kerror: [m[Kcannot convert â€˜[01m[Knav_msgs::msg::OccupancyGrid_<std::allocator<void> >::_data_type[m[Kâ€™ {aka â€˜[01m[Kstd::vector<signed char, std::allocator<signed char> >[m[Kâ€™} to â€˜[01m[Kint8_t*[m[Kâ€™ {aka â€˜[01m[Ksigned char*[m[Kâ€™} in assignment
[16.556s]    70 |     map_now = [01;31m[Kmsg->data[m[K ;
[16.557s]       |               [01;31m[K~~~~~^~~~[m[K
[16.557s]       |                    [01;31m[K|[m[K
[16.558s]       |                    [01;31m[Knav_msgs::msg::OccupancyGrid_<std::allocator<void> >::_data_type {aka std::vector<signed char, std::allocator<signed char> >}[m[K
[16.559s] [01m[K/home/pi/documents/STA_github/ros2_ws/src/shark/src/shark.cpp:[m[K In function â€˜[01m[Knode_t* a_star(node_t*, double)[m[Kâ€™:
[16.560s] [01m[K/home/pi/documents/STA_github/ros2_ws/src/shark/src/shark.cpp:154:19:[m[K [01;35m[Kwarning: [m[Kformat â€˜[01m[K%p[m[Kâ€™ expects argument of type â€˜[01m[Kvoid*[m[Kâ€™, but argument 2 has type â€˜[01m[Knode_t*[m[Kâ€™ [[01;35m[K]8;;https://gcc.gnu.org/onlinedocs/gcc/Warning-Options.html#index-Wformat=-Wformat=]8;;[m[K]
[16.560s]   154 |         printf("[[01;35m[K%p[m[K] \n", [32m[Knode->children[i][m[K );
[16.561s]       |                  [01;35m[K~^[m[K       [32m[K~~~~~~~~~~~~~~~~~[m[K
[16.561s]       |                   [01;35m[K|[m[K                       [32m[K|[m[K
[16.561s]       |                   [01;35m[Kvoid*[m[K                   [32m[Knode_t*[m[K
[16.562s] [01m[K/home/pi/documents/STA_github/ros2_ws/src/shark/src/shark.cpp:160:19:[m[K [01;35m[Kwarning: [m[Kformat â€˜[01m[K%p[m[Kâ€™ expects argument of type â€˜[01m[Kvoid*[m[Kâ€™, but argument 2 has type â€˜[01m[Knode_t*[m[Kâ€™ [[01;35m[K]8;;https://gcc.gnu.org/onlinedocs/gcc/Warning-Options.html#index-Wformat=-Wformat=]8;;[m[K]
[16.562s]   160 |         printf("[[01;35m[K%p[m[K] \n", [32m[Knode->children[i][m[K );
[16.563s]       |                  [01;35m[K~^[m[K       [32m[K~~~~~~~~~~~~~~~~~[m[K
[16.563s]       |                   [01;35m[K|[m[K                       [32m[K|[m[K
[16.564s]       |                   [01;35m[Kvoid*[m[K                   [32m[Knode_t*[m[K
[16.578s] [01m[K/home/pi/documents/STA_github/ros2_ws/src/shark/src/shark.cpp:[m[K In function â€˜[01m[Kint main(int, char**)[m[Kâ€™:
[16.579s] [01m[K/home/pi/documents/STA_github/ros2_ws/src/shark/src/shark.cpp:225:24:[m[K [01;35m[Kwarning: [m[Ktoo many arguments for format [[01;35m[K]8;;https://gcc.gnu.org/onlinedocs/gcc/Warning-Options.html#index-Wformat-extra-args-Wformat-extra-args]8;;[m[K]
[16.579s]   225 |                 printf([01;35m[K"%d %d %d %d %d \n"[m[K, map_now[0], map_now[1], map_now[2], map_now[3], map_now[4], map_now[5] );
[16.580s]       |                        [01;35m[K^~~~~~~~~~~~~~~~~~~[m[K
[16.581s] [01m[K/home/pi/documents/STA_github/ros2_ws/src/shark/src/shark.cpp:236:18:[m[K [01;35m[Kwarning: [m[Kformat â€˜[01m[K%p[m[Kâ€™ expects argument of type â€˜[01m[Kvoid*[m[Kâ€™, but argument 2 has type â€˜[01m[Knode_t*[m[Kâ€™ [[01;35m[K]8;;https://gcc.gnu.org/onlinedocs/gcc/Warning-Options.html#index-Wformat=-Wformat=]8;;[m[K]
[16.581s]   236 |         printf("[01;35m[K%p[m[K \n", [32m[Kstart.children[0][m[K) ;
[16.582s]       |                 [01;35m[K~^[m[K      [32m[K~~~~~~~~~~~~~~~~~[m[K
[16.582s]       |                  [01;35m[K|[m[K                      [32m[K|[m[K
[16.583s]       |                  [01;35m[Kvoid*[m[K                  [32m[Knode_t*[m[K
[16.583s] [01m[K/home/pi/documents/STA_github/ros2_ws/src/shark/src/shark.cpp:223:21:[m[K [01;35m[Kwarning: [m[Kunused variable â€˜[01m[Ki[m[Kâ€™ [[01;35m[K]8;;https://gcc.gnu.org/onlinedocs/gcc/Warning-Options.html#index-Wunused-variable-Wunused-variable]8;;[m[K]
[16.584s]   223 |                 int [01;35m[Ki[m[K;
[16.584s]       |                     [01;35m[K^[m[K
[23.773s] gmake[2]: *** [CMakeFiles/shark.dir/build.make:76: CMakeFiles/shark.dir/src/shark.cpp.o] Error 1
[23.775s] gmake[1]: *** [CMakeFiles/Makefile2:137: CMakeFiles/shark.dir/all] Error 2
[23.775s] gmake: *** [Makefile:146: all] Error 2
[23.783s] Invoked command in '/home/pi/documents/STA_github/ros2_ws/build/shark' returned '2': CMAKE_PREFIX_PATH=${CMAKE_PREFIX_PATH}:/home/pi/ros2_ws/install/ydlidar_ros2_driver:/opt/ros/iron /usr/bin/cmake --build /home/pi/documents/STA_github/ros2_ws/build/shark -- -j4 -l4
