[0.986s] Invoking command in '/home/pi/documents/STA_github/ros2_ws/build/shark': CMAKE_PREFIX_PATH=${CMAKE_PREFIX_PATH}:/home/pi/ros2_ws/install/ydlidar_ros2_driver:/opt/ros/iron /usr/bin/cmake --build /home/pi/documents/STA_github/ros2_ws/build/shark -- -j4 -l4
[1.203s] [35m[1mConsolidate compiler generated dependencies of target shark[0m
[1.330s] [ 33%] [32mBuilding CXX object CMakeFiles/shark.dir/src/shark.cpp.o[0m
[16.766s] [01m[K/home/pi/documents/STA_github/ros2_ws/src/shark/src/shark.cpp:37:23:[m[K [01;35m[Kwarning: [m[Kmissing initializer for member â€˜[01m[Kpose_t::y[m[Kâ€™ [[01;35m[K]8;;https://gcc.gnu.org/onlinedocs/gcc/Warning-Options.html#index-Wmissing-field-initializers-Wmissing-field-initializers]8;;[m[K]
[16.767s]    37 | pose_t robot_slam = {0[01;35m[K}[m[K ;
[16.767s]       |                       [01;35m[K^[m[K
[16.768s] [01m[K/home/pi/documents/STA_github/ros2_ws/src/shark/src/shark.cpp:37:23:[m[K [01;35m[Kwarning: [m[Kmissing initializer for member â€˜[01m[Kpose_t::theta[m[Kâ€™ [[01;35m[K]8;;https://gcc.gnu.org/onlinedocs/gcc/Warning-Options.html#index-Wmissing-field-initializers-Wmissing-field-initializers]8;;[m[K]
[16.768s] [01m[K/home/pi/documents/STA_github/ros2_ws/src/shark/src/shark.cpp:38:19:[m[K [01;35m[Kwarning: [m[Kmissing initializer for member â€˜[01m[Kpose_t::y[m[Kâ€™ [[01;35m[K]8;;https://gcc.gnu.org/onlinedocs/gcc/Warning-Options.html#index-Wmissing-field-initializers-Wmissing-field-initializers]8;;[m[K]
[16.769s]    38 | pose_t origin = {0[01;35m[K}[m[K ;
[16.769s]       |                   [01;35m[K^[m[K
[16.770s] [01m[K/home/pi/documents/STA_github/ros2_ws/src/shark/src/shark.cpp:38:19:[m[K [01;35m[Kwarning: [m[Kmissing initializer for member â€˜[01m[Kpose_t::theta[m[Kâ€™ [[01;35m[K]8;;https://gcc.gnu.org/onlinedocs/gcc/Warning-Options.html#index-Wmissing-field-initializers-Wmissing-field-initializers]8;;[m[K]
[17.229s] [01m[K/home/pi/documents/STA_github/ros2_ws/src/shark/src/shark.cpp:[m[K In function â€˜[01m[Knode_t* a_star(node_t*, double)[m[Kâ€™:
[17.230s] [01m[K/home/pi/documents/STA_github/ros2_ws/src/shark/src/shark.cpp:190:19:[m[K [01;35m[Kwarning: [m[Kformat â€˜[01m[K%p[m[Kâ€™ expects argument of type â€˜[01m[Kvoid*[m[Kâ€™, but argument 2 has type â€˜[01m[Knode_t*[m[Kâ€™ [[01;35m[K]8;;https://gcc.gnu.org/onlinedocs/gcc/Warning-Options.html#index-Wformat=-Wformat=]8;;[m[K]
[17.230s]   190 |         printf("[[01;35m[K%p[m[K] \n", [32m[Knode->children[i][m[K );
[17.231s]       |                  [01;35m[K~^[m[K       [32m[K~~~~~~~~~~~~~~~~~[m[K
[17.231s]       |                   [01;35m[K|[m[K                       [32m[K|[m[K
[17.232s]       |                   [01;35m[Kvoid*[m[K                   [32m[Knode_t*[m[K
[17.232s] [01m[K/home/pi/documents/STA_github/ros2_ws/src/shark/src/shark.cpp:196:19:[m[K [01;35m[Kwarning: [m[Kformat â€˜[01m[K%p[m[Kâ€™ expects argument of type â€˜[01m[Kvoid*[m[Kâ€™, but argument 2 has type â€˜[01m[Knode_t*[m[Kâ€™ [[01;35m[K]8;;https://gcc.gnu.org/onlinedocs/gcc/Warning-Options.html#index-Wformat=-Wformat=]8;;[m[K]
[17.233s]   196 |         printf("[[01;35m[K%p[m[K] \n", [32m[Knode->children[i][m[K );
[17.233s]       |                  [01;35m[K~^[m[K       [32m[K~~~~~~~~~~~~~~~~~[m[K
[17.234s]       |                   [01;35m[K|[m[K                       [32m[K|[m[K
[17.234s]       |                   [01;35m[Kvoid*[m[K                   [32m[Knode_t*[m[K
[17.250s] [01m[K/home/pi/documents/STA_github/ros2_ws/src/shark/src/shark.cpp:[m[K In function â€˜[01m[Kint main(int, char**)[m[Kâ€™:
[17.251s] [01m[K/home/pi/documents/STA_github/ros2_ws/src/shark/src/shark.cpp:283:18:[m[K [01;35m[Kwarning: [m[Kformat â€˜[01m[K%p[m[Kâ€™ expects argument of type â€˜[01m[Kvoid*[m[Kâ€™, but argument 2 has type â€˜[01m[Knode_t*[m[Kâ€™ [[01;35m[K]8;;https://gcc.gnu.org/onlinedocs/gcc/Warning-Options.html#index-Wformat=-Wformat=]8;;[m[K]
[17.251s]   283 |         printf("[01;35m[K%p[m[K \n", [32m[Kstart.children[0][m[K) ;
[17.252s]       |                 [01;35m[K~^[m[K      [32m[K~~~~~~~~~~~~~~~~~[m[K
[17.252s]       |                  [01;35m[K|[m[K                      [32m[K|[m[K
[17.253s]       |                  [01;35m[Kvoid*[m[K                  [32m[Knode_t*[m[K
[17.254s] [01m[K/home/pi/documents/STA_github/ros2_ws/src/shark/src/shark.cpp:319:27:[m[K [01;35m[Kwarning: [m[Kcomparison of integer expressions of different signedness: â€˜[01m[Kint[m[Kâ€™ and â€˜[01m[Ksize_t[m[Kâ€™ {aka â€˜[01m[Klong unsigned int[m[Kâ€™} [[01;35m[K]8;;https://gcc.gnu.org/onlinedocs/gcc/Warning-Options.html#index-Wsign-compare-Wsign-compare]8;;[m[K]
[17.255s]   319 |                 else if([01;35m[Kn == strlen(buffer_serial)[m[K){
[17.256s]       |                         [01;35m[K~~^~~~~~~~~~~~~~~~~~~~~~~~[m[K
[17.257s] [01m[K/home/pi/documents/STA_github/ros2_ws/src/shark/src/shark.cpp:327:21:[m[K [01;31m[Kerror: [m[Ktoo few arguments to function â€˜[01m[Kint getc(FILE*)[m[Kâ€™
[17.257s]   327 |                 [01;31m[Kgetc()[m[K;
[17.258s]       |                 [01;31m[K~~~~^~[m[K
[17.258s] In file included from [01m[K/usr/include/c++/11/cstdio:42[m[K,
[17.259s]                  from [01m[K/usr/include/c++/11/ext/string_conversions.h:43[m[K,
[17.259s]                  from [01m[K/usr/include/c++/11/bits/basic_string.h:6608[m[K,
[17.260s]                  from [01m[K/usr/include/c++/11/string:55[m[K,
[17.260s]                  from [01m[K/home/pi/documents/STA_github/ros2_ws/src/shark/src/shark.cpp:3[m[K:
[17.261s] [01m[K/usr/include/stdio.h:514:12:[m[K [01;36m[Knote: [m[Kdeclared here
[17.261s]   514 | extern int [01;36m[Kgetc[m[K (FILE *__stream);
[17.262s]       |            [01;36m[K^~~~[m[K
[29.655s] gmake[2]: *** [CMakeFiles/shark.dir/build.make:76: CMakeFiles/shark.dir/src/shark.cpp.o] Error 1
[29.657s] gmake[1]: *** [CMakeFiles/Makefile2:137: CMakeFiles/shark.dir/all] Error 2
[29.658s] gmake: *** [Makefile:146: all] Error 2
[29.665s] Invoked command in '/home/pi/documents/STA_github/ros2_ws/build/shark' returned '2': CMAKE_PREFIX_PATH=${CMAKE_PREFIX_PATH}:/home/pi/ros2_ws/install/ydlidar_ros2_driver:/opt/ros/iron /usr/bin/cmake --build /home/pi/documents/STA_github/ros2_ws/build/shark -- -j4 -l4
