[0.907s] Invoking command in '/home/pi/documents/STA_github/ros2_ws/src/build/shark': CMAKE_PREFIX_PATH=${CMAKE_PREFIX_PATH}:/home/pi/ros2_ws/install/ydlidar_ros2_driver:/opt/ros/iron /usr/bin/cmake /home/pi/documents/STA_github/ros2_ws/src/shark -DCMAKE_INSTALL_PREFIX=/home/pi/documents/STA_github/ros2_ws/src/install/shark
[1.427s] -- The C compiler identification is GNU 11.4.0
[1.738s] -- The CXX compiler identification is GNU 11.4.0
[1.776s] -- Detecting C compiler ABI info
[2.310s] -- Detecting C compiler ABI info - done
[2.359s] -- Check for working C compiler: /usr/bin/cc - skipped
[2.360s] -- Detecting C compile features
[2.364s] -- Detecting C compile features - done
[2.377s] -- Detecting CXX compiler ABI info
[3.031s] -- Detecting CXX compiler ABI info - done
[3.064s] -- Check for working CXX compiler: /usr/bin/c++ - skipped
[3.064s] -- Detecting CXX compile features
[3.065s] -- Detecting CXX compile features - done
[3.102s] -- Found ament_cmake: 2.0.3 (/opt/ros/iron/share/ament_cmake/cmake)
[4.303s] -- Found Python3: /usr/bin/python3.10 (found version "3.10.12") found components: Interpreter 
[5.093s] -- Found rclcpp: 21.0.3 (/opt/ros/iron/share/rclcpp/cmake)
[5.669s] -- Found rosidl_generator_c: 4.0.1 (/opt/ros/iron/share/rosidl_generator_c/cmake)
[5.814s] -- Found rosidl_generator_cpp: 4.0.1 (/opt/ros/iron/share/rosidl_generator_cpp/cmake)
[5.994s] -- Using all available rosidl_typesupport_c: rosidl_typesupport_fastrtps_c;rosidl_typesupport_introspection_c
[6.262s] -- Using all available rosidl_typesupport_cpp: rosidl_typesupport_fastrtps_cpp;rosidl_typesupport_introspection_cpp
[7.364s] -- Found rmw_implementation_cmake: 7.1.0 (/opt/ros/iron/share/rmw_implementation_cmake/cmake)
[7.404s] -- Found rmw_fastrtps_cpp: 7.1.1 (/opt/ros/iron/share/rmw_fastrtps_cpp/cmake)
[8.294s] -- Found OpenSSL: /usr/lib/aarch64-linux-gnu/libcrypto.so (found version "3.0.2")  
[8.592s] -- Found FastRTPS: /opt/ros/iron/include  
[9.083s] -- Using RMW implementation 'rmw_fastrtps_cpp' as default
[13.378s] -- Found std_msgs: 5.0.0 (/opt/ros/iron/share/std_msgs/cmake)
[13.587s] -- Found nav_msgs: 5.0.0 (/opt/ros/iron/share/nav_msgs/cmake)
[14.451s] -- Found tf2_ros: 0.31.5 (/opt/ros/iron/share/tf2_ros/cmake)
[17.004s] -- Found ament_lint_auto: 0.14.2 (/opt/ros/iron/share/ament_lint_auto/cmake)
[17.638s] -- Added test 'cppcheck' to perform static code analysis on C / C++ code
[17.639s] -- Configured cppcheck include dirs: 
[17.641s] -- Configured cppcheck exclude dirs and/or files: 
[17.643s] -- Added test 'lint_cmake' to check CMake code style
[17.654s] -- Added test 'uncrustify' to check C / C++ code style
[17.656s] -- Configured uncrustify additional arguments: 
[17.659s] -- Added test 'xmllint' to check XML markup files
[17.669s] -- Configuring done
[17.735s] -- Generating done
[17.745s] -- Build files have been written to: /home/pi/documents/STA_github/ros2_ws/src/build/shark
[17.794s] Invoked command in '/home/pi/documents/STA_github/ros2_ws/src/build/shark' returned '0': CMAKE_PREFIX_PATH=${CMAKE_PREFIX_PATH}:/home/pi/ros2_ws/install/ydlidar_ros2_driver:/opt/ros/iron /usr/bin/cmake /home/pi/documents/STA_github/ros2_ws/src/shark -DCMAKE_INSTALL_PREFIX=/home/pi/documents/STA_github/ros2_ws/src/install/shark
[17.807s] Invoking command in '/home/pi/documents/STA_github/ros2_ws/src/build/shark': CMAKE_PREFIX_PATH=${CMAKE_PREFIX_PATH}:/home/pi/ros2_ws/install/ydlidar_ros2_driver:/opt/ros/iron /usr/bin/cmake --build /home/pi/documents/STA_github/ros2_ws/src/build/shark -- -j4 -l4
[18.116s] [ 50%] [32mBuilding CXX object CMakeFiles/shark.dir/src/shark.cpp.o[0m
[18.337s] [01m[K/home/pi/documents/STA_github/ros2_ws/src/shark/src/shark.cpp:4:10:[m[K [01;31m[Kfatal error: [m[Krclcpp/rclcpp.hpp: No such file or directory
[18.337s]     4 | #include [01;31m[K"rclcpp/rclcpp.hpp"[m[K
[18.338s]       |          [01;31m[K^~~~~~~~~~~~~~~~~~~[m[K
[18.339s] compilation terminated.
[18.342s] gmake[2]: *** [CMakeFiles/shark.dir/build.make:76: CMakeFiles/shark.dir/src/shark.cpp.o] Error 1
[18.344s] gmake[1]: *** [CMakeFiles/Makefile2:137: CMakeFiles/shark.dir/all] Error 2
[18.347s] gmake: *** [Makefile:146: all] Error 2
[18.354s] Invoked command in '/home/pi/documents/STA_github/ros2_ws/src/build/shark' returned '2': CMAKE_PREFIX_PATH=${CMAKE_PREFIX_PATH}:/home/pi/ros2_ws/install/ydlidar_ros2_driver:/opt/ros/iron /usr/bin/cmake --build /home/pi/documents/STA_github/ros2_ws/src/build/shark -- -j4 -l4
