[01m[K/home/pi/documents/STA_github/ros2_ws/src/shark/src/shark.cpp:35:1:[m[K [01;31m[Kerror: [m[Kâ€˜[01m[Kros[m[Kâ€™ does not name a type
   35 | [01;31m[Kros[m[K::Publisher map_pub;
      | [01;31m[K^~~[m[K
[01m[K/home/pi/documents/STA_github/ros2_ws/src/shark/src/shark.cpp:37:34:[m[K [01;31m[Kerror: [m[Kâ€˜[01m[KOccupancyGrid[m[Kâ€™ in namespace â€˜[01m[Knav_msgs[m[Kâ€™ does not name a type
   37 | void mapCallback(const nav_msgs::[01;31m[KOccupancyGrid[m[K::ConstPtr& msg){
      |                                  [01;31m[K^~~~~~~~~~~~~[m[K
[01m[K/home/pi/documents/STA_github/ros2_ws/src/shark/src/shark.cpp:37:57:[m[K [01;31m[Kerror: [m[Kexpected unqualified-id before â€˜[01m[K&[m[Kâ€™ token
   37 | void mapCallback(const nav_msgs::OccupancyGrid::ConstPtr[01;31m[K&[m[K msg){
      |                                                         [01;31m[K^[m[K
[01m[K/home/pi/documents/STA_github/ros2_ws/src/shark/src/shark.cpp:37:57:[m[K [01;31m[Kerror: [m[Kexpected â€˜[01m[K)[m[Kâ€™ before â€˜[01m[K&[m[Kâ€™ token
   37 | void mapCallback[34m[K([m[Kconst nav_msgs::OccupancyGrid::ConstPtr[01;31m[K&[m[K msg){
      |                 [34m[K~[m[K                                       [01;31m[K^[m[K
      |                                                         [32m[K)[m[K
[01m[K/home/pi/documents/STA_github/ros2_ws/src/shark/src/shark.cpp:37:59:[m[K [01;31m[Kerror: [m[Kexpected initializer before â€˜[01m[Kmsg[m[Kâ€™
   37 | void mapCallback(const nav_msgs::OccupancyGrid::ConstPtr& [01;31m[Kmsg[m[K){
      |                                                           [01;31m[K^~~[m[K
[01m[K/home/pi/documents/STA_github/ros2_ws/src/shark/src/shark.cpp:[m[K In function â€˜[01m[Kint main(int, char**)[m[Kâ€™:
[01m[K/home/pi/documents/STA_github/ros2_ws/src/shark/src/shark.cpp:93:3:[m[K [01;31m[Kerror: [m[Kâ€˜[01m[Kros[m[Kâ€™ has not been declared
   93 |   [01;31m[Kros[m[K::NodeHandle n;
      |   [01;31m[K^~~[m[K
[01m[K/home/pi/documents/STA_github/ros2_ws/src/shark/src/shark.cpp:95:3:[m[K [01;31m[Kerror: [m[Kâ€˜[01m[Kmap_pub[m[Kâ€™ was not declared in this scope
   95 |   [01;31m[Kmap_pub[m[K = n.advertise<nav_msgs::OccupancyGrid>("map_out",10);
      |   [01;31m[K^~~~~~~[m[K
[01m[K/home/pi/documents/STA_github/ros2_ws/src/shark/src/shark.cpp:95:13:[m[K [01;31m[Kerror: [m[Kâ€˜[01m[Kn[m[Kâ€™ was not declared in this scope; did you mean â€˜[01m[Kyn[m[Kâ€™?
   95 |   map_pub = [01;31m[Kn[m[K.advertise<nav_msgs::OccupancyGrid>("map_out",10);
      |             [01;31m[K^[m[K
      |             [32m[Kyn[m[K
[01m[K/home/pi/documents/STA_github/ros2_ws/src/shark/src/shark.cpp:95:35:[m[K [01;31m[Kerror: [m[Kâ€˜[01m[KOccupancyGrid[m[Kâ€™ is not a member of â€˜[01m[Knav_msgs[m[Kâ€™; did you mean â€˜[01m[Knav_msgs::msg::OccupancyGrid[m[Kâ€™?
   95 |   map_pub = n.advertise<nav_msgs::[01;31m[KOccupancyGrid[m[K>("map_out",10);
      |                                   [01;31m[K^~~~~~~~~~~~~[m[K
In file included from [01m[K/opt/ros/iron/include/nav_msgs/nav_msgs/msg/occupancy_grid.hpp:7[m[K,
                 from [01m[K/home/pi/documents/STA_github/ros2_ws/src/shark/src/shark.cpp:10[m[K:
[01m[K/opt/ros/iron/include/nav_msgs/nav_msgs/msg/detail/occupancy_grid__struct.hpp:147:7:[m[K [01;36m[Knote: [m[Kâ€˜[01m[Knav_msgs::msg::OccupancyGrid[m[Kâ€™ declared here
  147 | using [01;36m[KOccupancyGrid[m[K =
      |       [01;36m[K^~~~~~~~~~~~~[m[K
[01m[K/home/pi/documents/STA_github/ros2_ws/src/shark/src/shark.cpp:95:50:[m[K [01;35m[Kwarning: [m[Kleft operand of comma operator has no effect [[01;35m[K]8;;https://gcc.gnu.org/onlinedocs/gcc/Warning-Options.html#index-Wunused-value-Wunused-value]8;;[m[K]
   95 |   map_pub = n.advertise<nav_msgs::OccupancyGrid>([01;35m[K"map_out"[m[K,10);
      |                                                  [01;35m[K^~~~~~~~~[m[K
[01m[K/home/pi/documents/STA_github/ros2_ws/src/shark/src/shark.cpp:96:3:[m[K [01;31m[Kerror: [m[Kâ€˜[01m[Kros[m[Kâ€™ has not been declared
   96 |   [01;31m[Kros[m[K::Subscriber map_sub = n.subscribe("map",10,mapCallback);
      |   [01;31m[K^~~[m[K
[01m[K/home/pi/documents/STA_github/ros2_ws/src/shark/src/shark.cpp:98:3:[m[K [01;31m[Kerror: [m[Kâ€˜[01m[Kros[m[Kâ€™ has not been declared
   98 |   [01;31m[Kros[m[K::spin();
      |   [01;31m[K^~~[m[K
gmake[2]: *** [CMakeFiles/shark.dir/build.make:76: CMakeFiles/shark.dir/src/shark.cpp.o] Error 1
gmake[1]: *** [CMakeFiles/Makefile2:137: CMakeFiles/shark.dir/all] Error 2
gmake: *** [Makefile:146: all] Error 2
