[35m[1mConsolidate compiler generated dependencies of target shark[0m
[ 33%] [32mBuilding CXX object CMakeFiles/shark.dir/src/shark.cpp.o[0m
[01m[K/home/pi/documents/STA_github/ros2_ws/src/shark/src/shark.cpp:27:18:[m[K [01;35m[Kwarning: [m[Kmissing initializer for member â€˜[01m[Kpose_t::y[m[Kâ€™ [[01;35m[K]8;;https://gcc.gnu.org/onlinedocs/gcc/Warning-Options.html#index-Wmissing-field-initializers-Wmissing-field-initializers]8;;[m[K]
   27 | pose_t robot = {0[01;35m[K}[m[K ;
      |                  [01;35m[K^[m[K
[01m[K/home/pi/documents/STA_github/ros2_ws/src/shark/src/shark.cpp:27:18:[m[K [01;35m[Kwarning: [m[Kmissing initializer for member â€˜[01m[Kpose_t::theta[m[Kâ€™ [[01;35m[K]8;;https://gcc.gnu.org/onlinedocs/gcc/Warning-Options.html#index-Wmissing-field-initializers-Wmissing-field-initializers]8;;[m[K]
[01m[K/home/pi/documents/STA_github/ros2_ws/src/shark/src/shark.cpp:28:19:[m[K [01;35m[Kwarning: [m[Kmissing initializer for member â€˜[01m[Kpose_t::y[m[Kâ€™ [[01;35m[K]8;;https://gcc.gnu.org/onlinedocs/gcc/Warning-Options.html#index-Wmissing-field-initializers-Wmissing-field-initializers]8;;[m[K]
   28 | pose_t origin = {0[01;35m[K}[m[K ;
      |                   [01;35m[K^[m[K
[01m[K/home/pi/documents/STA_github/ros2_ws/src/shark/src/shark.cpp:28:19:[m[K [01;35m[Kwarning: [m[Kmissing initializer for member â€˜[01m[Kpose_t::theta[m[Kâ€™ [[01;35m[K]8;;https://gcc.gnu.org/onlinedocs/gcc/Warning-Options.html#index-Wmissing-field-initializers-Wmissing-field-initializers]8;;[m[K]
[01m[K/home/pi/documents/STA_github/ros2_ws/src/shark/src/shark.cpp:[m[K In constructor â€˜[01m[KMapSubscriber::MapSubscriber()[m[Kâ€™:
[01m[K/home/pi/documents/STA_github/ros2_ws/src/shark/src/shark.cpp:52:43:[m[K [01;31m[Kerror: [m[Kâ€˜[01m[Ktopic_callback_posethis[m[Kâ€™ is not a member of â€˜[01m[KMapSubscriber[m[Kâ€™
   52 |       "pose",10,std::bind(&MapSubscriber::[01;31m[Ktopic_callback_posethis[m[K,_1));
      |                                           [01;31m[K^~~~~~~~~~~~~~~~~~~~~~~[m[K
[01m[K/home/pi/documents/STA_github/ros2_ws/src/shark/src/shark.cpp:[m[K In function â€˜[01m[Knode_t* a_star(node_t*, double)[m[Kâ€™:
[01m[K/home/pi/documents/STA_github/ros2_ws/src/shark/src/shark.cpp:175:19:[m[K [01;35m[Kwarning: [m[Kformat â€˜[01m[K%p[m[Kâ€™ expects argument of type â€˜[01m[Kvoid*[m[Kâ€™, but argument 2 has type â€˜[01m[Knode_t*[m[Kâ€™ [[01;35m[K]8;;https://gcc.gnu.org/onlinedocs/gcc/Warning-Options.html#index-Wformat=-Wformat=]8;;[m[K]
  175 |         printf("[[01;35m[K%p[m[K] \n", [32m[Knode->children[i][m[K );
      |                  [01;35m[K~^[m[K       [32m[K~~~~~~~~~~~~~~~~~[m[K
      |                   [01;35m[K|[m[K                       [32m[K|[m[K
      |                   [01;35m[Kvoid*[m[K                   [32m[Knode_t*[m[K
[01m[K/home/pi/documents/STA_github/ros2_ws/src/shark/src/shark.cpp:181:19:[m[K [01;35m[Kwarning: [m[Kformat â€˜[01m[K%p[m[Kâ€™ expects argument of type â€˜[01m[Kvoid*[m[Kâ€™, but argument 2 has type â€˜[01m[Knode_t*[m[Kâ€™ [[01;35m[K]8;;https://gcc.gnu.org/onlinedocs/gcc/Warning-Options.html#index-Wformat=-Wformat=]8;;[m[K]
  181 |         printf("[[01;35m[K%p[m[K] \n", [32m[Knode->children[i][m[K );
      |                  [01;35m[K~^[m[K       [32m[K~~~~~~~~~~~~~~~~~[m[K
      |                   [01;35m[K|[m[K                       [32m[K|[m[K
      |                   [01;35m[Kvoid*[m[K                   [32m[Knode_t*[m[K
[01m[K/home/pi/documents/STA_github/ros2_ws/src/shark/src/shark.cpp:[m[K In function â€˜[01m[Kint main(int, char**)[m[Kâ€™:
[01m[K/home/pi/documents/STA_github/ros2_ws/src/shark/src/shark.cpp:265:18:[m[K [01;35m[Kwarning: [m[Kformat â€˜[01m[K%p[m[Kâ€™ expects argument of type â€˜[01m[Kvoid*[m[Kâ€™, but argument 2 has type â€˜[01m[Knode_t*[m[Kâ€™ [[01;35m[K]8;;https://gcc.gnu.org/onlinedocs/gcc/Warning-Options.html#index-Wformat=-Wformat=]8;;[m[K]
  265 |         printf("[01;35m[K%p[m[K \n", [32m[Kstart.children[0][m[K) ;
      |                 [01;35m[K~^[m[K      [32m[K~~~~~~~~~~~~~~~~~[m[K
      |                  [01;35m[K|[m[K                      [32m[K|[m[K
      |                  [01;35m[Kvoid*[m[K                  [32m[Knode_t*[m[K
gmake[2]: *** [CMakeFiles/shark.dir/build.make:76: CMakeFiles/shark.dir/src/shark.cpp.o] Error 1
gmake[1]: *** [CMakeFiles/Makefile2:137: CMakeFiles/shark.dir/all] Error 2
gmake: *** [Makefile:146: all] Error 2
