[0.862s] Invoking command in '/home/pi/documents/STA_github/ros2_ws/build/shark': CMAKE_PREFIX_PATH=${CMAKE_PREFIX_PATH}:/home/pi/ros2_ws/install/ydlidar_ros2_driver:/opt/ros/iron /usr/bin/cmake --build /home/pi/documents/STA_github/ros2_ws/build/shark -- -j4 -l4
[0.964s] -- Found ament_cmake: 2.0.3 (/opt/ros/iron/share/ament_cmake/cmake)
[1.800s] -- Found rclcpp: 21.0.3 (/opt/ros/iron/share/rclcpp/cmake)
[2.288s] -- Found rosidl_generator_c: 4.0.1 (/opt/ros/iron/share/rosidl_generator_c/cmake)
[2.408s] -- Found rosidl_generator_cpp: 4.0.1 (/opt/ros/iron/share/rosidl_generator_cpp/cmake)
[2.551s] -- Using all available rosidl_typesupport_c: rosidl_typesupport_fastrtps_c;rosidl_typesupport_introspection_c
[2.710s] -- Using all available rosidl_typesupport_cpp: rosidl_typesupport_fastrtps_cpp;rosidl_typesupport_introspection_cpp
[3.613s] -- Found rmw_implementation_cmake: 7.1.0 (/opt/ros/iron/share/rmw_implementation_cmake/cmake)
[3.644s] -- Found rmw_fastrtps_cpp: 7.1.1 (/opt/ros/iron/share/rmw_fastrtps_cpp/cmake)
[4.382s] -- Found OpenSSL: /usr/lib/aarch64-linux-gnu/libcrypto.so (found version "3.0.2")  
[4.662s] -- Found FastRTPS: /opt/ros/iron/include  
[5.131s] -- Using RMW implementation 'rmw_fastrtps_cpp' as default
[5.978s] -- Found std_msgs: 5.0.0 (/opt/ros/iron/share/std_msgs/cmake)
[6.141s] -- Found nav_msgs: 5.0.0 (/opt/ros/iron/share/nav_msgs/cmake)
[6.877s] -- Found tf2_ros: 0.31.5 (/opt/ros/iron/share/tf2_ros/cmake)
[9.040s] -- Found ament_lint_auto: 0.14.2 (/opt/ros/iron/share/ament_lint_auto/cmake)
[9.365s] -- Added test 'cppcheck' to perform static code analysis on C / C++ code
[9.366s] -- Configured cppcheck include dirs: 
[9.366s] -- Configured cppcheck exclude dirs and/or files: 
[9.369s] -- Added test 'lint_cmake' to check CMake code style
[9.377s] -- Added test 'uncrustify' to check C / C++ code style
[9.378s] -- Configured uncrustify additional arguments: 
[9.379s] -- Added test 'xmllint' to check XML markup files
[9.384s] -- Configuring done
[9.440s] -- Generating done
[9.449s] -- Build files have been written to: /home/pi/documents/STA_github/ros2_ws/build/shark
[9.607s] [ 50%] [32mBuilding CXX object CMakeFiles/shark.dir/src/shark.cpp.o[0m
[9.809s] [01m[K/home/pi/documents/STA_github/ros2_ws/src/shark/src/shark.cpp:4:10:[m[K [01;31m[Kfatal error: [m[Krclcpp/rclcpp.hpp: No such file or directory
[9.810s]     4 | #include [01;31m[K"rclcpp/rclcpp.hpp"[m[K
[9.810s]       |          [01;31m[K^~~~~~~~~~~~~~~~~~~[m[K
[9.810s] compilation terminated.
[9.815s] gmake[2]: *** [CMakeFiles/shark.dir/build.make:76: CMakeFiles/shark.dir/src/shark.cpp.o] Error 1
[9.816s] gmake[1]: *** [CMakeFiles/Makefile2:137: CMakeFiles/shark.dir/all] Error 2
[9.817s] gmake: *** [Makefile:146: all] Error 2
[9.824s] Invoked command in '/home/pi/documents/STA_github/ros2_ws/build/shark' returned '2': CMAKE_PREFIX_PATH=${CMAKE_PREFIX_PATH}:/home/pi/ros2_ws/install/ydlidar_ros2_driver:/opt/ros/iron /usr/bin/cmake --build /home/pi/documents/STA_github/ros2_ws/build/shark -- -j4 -l4
