[0.915s] Invoking command in '/home/pi/documents/STA_github/ros2_ws/build/shark': CMAKE_PREFIX_PATH=${CMAKE_PREFIX_PATH}:/home/pi/ros2_ws/install/ydlidar_ros2_driver:/opt/ros/iron /usr/bin/cmake --build /home/pi/documents/STA_github/ros2_ws/build/shark -- -j4 -l4
[1.226s] [35m[1mConsolidate compiler generated dependencies of target shark[0m
[1.380s] [ 50%] [32mBuilding CXX object CMakeFiles/shark.dir/src/shark.cpp.o[0m
[14.156s] [01m[K/home/pi/documents/STA_github/ros2_ws/src/shark/src/shark.cpp:35:1:[m[K [01;31m[Kerror: [m[Kâ€˜[01m[Kros[m[Kâ€™ does not name a type
[14.156s]    35 | [01;31m[Kros[m[K::Publisher map_pub;
[14.157s]       | [01;31m[K^~~[m[K
[14.157s] [01m[K/home/pi/documents/STA_github/ros2_ws/src/shark/src/shark.cpp:37:34:[m[K [01;31m[Kerror: [m[Kâ€˜[01m[KOccupancyGrid[m[Kâ€™ in namespace â€˜[01m[Knav_msgs[m[Kâ€™ does not name a type
[14.159s]    37 | void mapCallback(const nav_msgs::[01;31m[KOccupancyGrid[m[K::ConstPtr& msg){
[14.159s]       |                                  [01;31m[K^~~~~~~~~~~~~[m[K
[14.160s] [01m[K/home/pi/documents/STA_github/ros2_ws/src/shark/src/shark.cpp:37:57:[m[K [01;31m[Kerror: [m[Kexpected unqualified-id before â€˜[01m[K&[m[Kâ€™ token
[14.161s]    37 | void mapCallback(const nav_msgs::OccupancyGrid::ConstPtr[01;31m[K&[m[K msg){
[14.161s]       |                                                         [01;31m[K^[m[K
[14.161s] [01m[K/home/pi/documents/STA_github/ros2_ws/src/shark/src/shark.cpp:37:57:[m[K [01;31m[Kerror: [m[Kexpected â€˜[01m[K)[m[Kâ€™ before â€˜[01m[K&[m[Kâ€™ token
[14.162s]    37 | void mapCallback[34m[K([m[Kconst nav_msgs::OccupancyGrid::ConstPtr[01;31m[K&[m[K msg){
[14.162s]       |                 [34m[K~[m[K                                       [01;31m[K^[m[K
[14.163s]       |                                                         [32m[K)[m[K
[14.163s] [01m[K/home/pi/documents/STA_github/ros2_ws/src/shark/src/shark.cpp:37:59:[m[K [01;31m[Kerror: [m[Kexpected initializer before â€˜[01m[Kmsg[m[Kâ€™
[14.163s]    37 | void mapCallback(const nav_msgs::OccupancyGrid::ConstPtr& [01;31m[Kmsg[m[K){
[14.164s]       |                                                           [01;31m[K^~~[m[K
[14.164s] [01m[K/home/pi/documents/STA_github/ros2_ws/src/shark/src/shark.cpp:[m[K In function â€˜[01m[Kint main(int, char**)[m[Kâ€™:
[14.165s] [01m[K/home/pi/documents/STA_github/ros2_ws/src/shark/src/shark.cpp:94:11:[m[K [01;31m[Kerror: [m[Kâ€˜[01m[KNodeHandle[m[Kâ€™ is not a member of â€˜[01m[Krclcpp[m[Kâ€™
[14.165s]    94 |   rclcpp::[01;31m[KNodeHandle[m[K n;
[14.166s]       |           [01;31m[K^~~~~~~~~~[m[K
[14.166s] [01m[K/home/pi/documents/STA_github/ros2_ws/src/shark/src/shark.cpp:97:11:[m[K [01;31m[Kerror: [m[Kâ€˜[01m[KSubscriber[m[Kâ€™ is not a member of â€˜[01m[Krclcpp[m[Kâ€™
[14.167s]    97 |   rclcpp::[01;31m[KSubscriber[m[K map_sub = n.subscribe("map",10,mapCallback);
[14.167s]       |           [01;31m[K^~~~~~~~~~[m[K
[14.168s] [01m[K/home/pi/documents/STA_github/ros2_ws/src/shark/src/shark.cpp:99:3:[m[K [01;31m[Kerror: [m[Kâ€˜[01m[Kros[m[Kâ€™ has not been declared
[14.168s]    99 |   [01;31m[Kros[m[K::spin();
[14.168s]       |   [01;31m[K^~~[m[K
[17.381s] gmake[2]: *** [CMakeFiles/shark.dir/build.make:76: CMakeFiles/shark.dir/src/shark.cpp.o] Error 1
[17.382s] gmake[1]: *** [CMakeFiles/Makefile2:137: CMakeFiles/shark.dir/all] Error 2
[17.384s] gmake: *** [Makefile:146: all] Error 2
[17.395s] Invoked command in '/home/pi/documents/STA_github/ros2_ws/build/shark' returned '2': CMAKE_PREFIX_PATH=${CMAKE_PREFIX_PATH}:/home/pi/ros2_ws/install/ydlidar_ros2_driver:/opt/ros/iron /usr/bin/cmake --build /home/pi/documents/STA_github/ros2_ws/build/shark -- -j4 -l4
