[1.138s] Invoking command in '/home/pi/documents/STA_github/ros2_ws/build/shark': CMAKE_PREFIX_PATH=${CMAKE_PREFIX_PATH}:/home/pi/ros2_ws/install/ydlidar_ros2_driver:/opt/ros/iron /usr/bin/cmake --build /home/pi/documents/STA_github/ros2_ws/build/shark -- -j4 -l4
[1.345s] [35m[1mConsolidate compiler generated dependencies of target shark[0m
[1.476s] [ 50%] [32mBuilding CXX object CMakeFiles/shark.dir/src/shark.cpp.o[0m
[16.325s] [01m[K/home/pi/documents/STA_github/ros2_ws/src/shark/src/shark.cpp:26:16:[m[K [01;31m[Kerror: [m[Kusing typedef-name â€˜[01m[Kpose_t[m[Kâ€™ after â€˜[01m[Kstruct[m[Kâ€™
[16.326s]    26 | typedef struct [01;31m[Kpose_t[m[K {
[16.327s]       |                [01;31m[K^~~~~~[m[K
[16.328s] In file included from [01m[K/home/pi/documents/STA_github/ros2_ws/src/shark/src/shark.cpp:19[m[K:
[16.329s] [01m[K/home/pi/documents/STA_github/ros2_ws/src/shark/src/kinematics.h:25:3:[m[K [01;36m[Knote: [m[Kâ€˜[01m[Kpose_t[m[Kâ€™ has a previous declaration here
[16.330s]    25 | } [01;36m[Kpose_t[m[K, *p_pose_t;
[16.331s]       |   [01;36m[K^~~~~~[m[K
[16.332s] [01m[K/home/pi/documents/STA_github/ros2_ws/src/shark/src/shark.cpp:30:3:[m[K [01;31m[Kerror: [m[Kconflicting declaration â€˜[01m[Ktypedef int pose_t[m[Kâ€™
[16.333s]    30 | } [01;31m[Kpose_t[m[K ;
[16.334s]       |   [01;31m[K^~~~~~[m[K
[16.335s] In file included from [01m[K/home/pi/documents/STA_github/ros2_ws/src/shark/src/shark.cpp:19[m[K:
[16.336s] [01m[K/home/pi/documents/STA_github/ros2_ws/src/shark/src/kinematics.h:25:3:[m[K [01;36m[Knote: [m[Kprevious declaration as â€˜[01m[Ktypedef struct pose_t pose_t[m[Kâ€™
[16.337s]    25 | } [01;36m[Kpose_t[m[K, *p_pose_t;
[16.338s]       |   [01;36m[K^~~~~~[m[K
[16.339s] [01m[K/home/pi/documents/STA_github/ros2_ws/src/shark/src/shark.cpp:32:18:[m[K [01;35m[Kwarning: [m[Kmissing initializer for member â€˜[01m[Kpose_t::y[m[Kâ€™ [[01;35m[K]8;;https://gcc.gnu.org/onlinedocs/gcc/Warning-Options.html#index-Wmissing-field-initializers-Wmissing-field-initializers]8;;[m[K]
[16.340s]    32 | pose_t robot = {0[01;35m[K}[m[K ;
[16.342s]       |                  [01;35m[K^[m[K
[16.343s] [01m[K/home/pi/documents/STA_github/ros2_ws/src/shark/src/shark.cpp:32:18:[m[K [01;35m[Kwarning: [m[Kmissing initializer for member â€˜[01m[Kpose_t::theta[m[Kâ€™ [[01;35m[K]8;;https://gcc.gnu.org/onlinedocs/gcc/Warning-Options.html#index-Wmissing-field-initializers-Wmissing-field-initializers]8;;[m[K]
[16.344s] [01m[K/home/pi/documents/STA_github/ros2_ws/src/shark/src/shark.cpp:33:19:[m[K [01;35m[Kwarning: [m[Kmissing initializer for member â€˜[01m[Kpose_t::y[m[Kâ€™ [[01;35m[K]8;;https://gcc.gnu.org/onlinedocs/gcc/Warning-Options.html#index-Wmissing-field-initializers-Wmissing-field-initializers]8;;[m[K]
[16.345s]    33 | pose_t origin = {0[01;35m[K}[m[K ;
[16.346s]       |                   [01;35m[K^[m[K
[16.347s] [01m[K/home/pi/documents/STA_github/ros2_ws/src/shark/src/shark.cpp:33:19:[m[K [01;35m[Kwarning: [m[Kmissing initializer for member â€˜[01m[Kpose_t::theta[m[Kâ€™ [[01;35m[K]8;;https://gcc.gnu.org/onlinedocs/gcc/Warning-Options.html#index-Wmissing-field-initializers-Wmissing-field-initializers]8;;[m[K]
[16.586s] [01m[K/home/pi/documents/STA_github/ros2_ws/src/shark/src/shark.cpp:[m[K In function â€˜[01m[Kint main(int, char**)[m[Kâ€™:
[16.587s] [01m[K/home/pi/documents/STA_github/ros2_ws/src/shark/src/shark.cpp:94:82:[m[K [01;31m[Kerror: [m[Kexpected primary-expression before â€˜[01m[K)[m[Kâ€™ token
[16.588s]    94 |     printf("heigth : %d, width : %d, origin [x, y, theta] :  \n", heigth, width, [01;31m[K)[m[K;
[16.588s]       |                                                                                  [01;31m[K^[m[K
[16.623s] [01m[K/home/pi/documents/STA_github/ros2_ws/src/shark/src/shark.cpp:103:9:[m[K [01;31m[Kerror: [m[Kâ€˜[01m[Kbest_node[m[Kâ€™ was not declared in this scope
[16.625s]   103 |         [01;31m[Kbest_node[m[K = &start ;
[16.626s]       |         [01;31m[K^~~~~~~~~[m[K
[16.627s] [01m[K/home/pi/documents/STA_github/ros2_ws/src/shark/src/shark.cpp:110:18:[m[K [01;35m[Kwarning: [m[Kformat â€˜[01m[K%p[m[Kâ€™ expects argument of type â€˜[01m[Kvoid*[m[Kâ€™, but argument 2 has type â€˜[01m[Knode_t*[m[Kâ€™ [[01;35m[K]8;;https://gcc.gnu.org/onlinedocs/gcc/Warning-Options.html#index-Wformat=-Wformat=]8;;[m[K]
[16.628s]   110 |         printf("[01;35m[K%p[m[K \n", [32m[Kstart.children[0][m[K) ;
[16.629s]       |                 [01;35m[K~^[m[K      [32m[K~~~~~~~~~~~~~~~~~[m[K
[16.631s]       |                  [01;35m[K|[m[K                      [32m[K|[m[K
[16.632s]       |                  [01;35m[Kvoid*[m[K                  [32m[Knode_t*[m[K
[16.653s] [01m[K/home/pi/documents/STA_github/ros2_ws/src/shark/src/shark.cpp:117:26:[m[K [01;31m[Kerror: [m[Kâ€˜[01m[Ka_star[m[Kâ€™ was not declared in this scope; did you mean â€˜[01m[Kva_start[m[Kâ€™?
[16.654s]   117 |         node_t * final = [01;31m[Ka_star[m[K( &start, dt );
[16.656s]       |                          [01;31m[K^~~~~~[m[K
[16.657s]       |                          [32m[Kva_start[m[K
[23.835s] gmake[2]: *** [CMakeFiles/shark.dir/build.make:76: CMakeFiles/shark.dir/src/shark.cpp.o] Error 1
[23.837s] gmake[1]: *** [CMakeFiles/Makefile2:137: CMakeFiles/shark.dir/all] Error 2
[23.838s] gmake: *** [Makefile:146: all] Error 2
[23.844s] Invoked command in '/home/pi/documents/STA_github/ros2_ws/build/shark' returned '2': CMAKE_PREFIX_PATH=${CMAKE_PREFIX_PATH}:/home/pi/ros2_ws/install/ydlidar_ros2_driver:/opt/ros/iron /usr/bin/cmake --build /home/pi/documents/STA_github/ros2_ws/build/shark -- -j4 -l4
