[0.908s] Invoking command in '/home/pi/documents/STA_github/ros2_ws/build/mobile_robot': CMAKE_PREFIX_PATH=${CMAKE_PREFIX_PATH}:/opt/ros/iron /usr/bin/cmake --build /home/pi/documents/STA_github/ros2_ws/build/mobile_robot -- -j4 -l4
[1.120s] [35m[1mConsolidate compiler generated dependencies of target mobile_robot[0m
[1.240s] [ 50%] [32mBuilding CXX object CMakeFiles/mobile_robot.dir/src/main.cpp.o[0m
[14.630s] [01m[K/home/pi/documents/STA_github/ros2_ws/src/mobile_robot/src/main.cpp:31:8:[m[K [01;31m[Kerror: [m[Kexpected identifier before â€˜[01m[Ktypedef[m[Kâ€™
[14.631s]    31 | struct [01;31m[Ktypedef[m[K robot_t{
[14.632s]       |        [01;31m[K^~~~~~~[m[K
[14.632s] [01m[K/home/pi/documents/STA_github/ros2_ws/src/mobile_robot/src/main.cpp:31:16:[m[K [01;31m[Kerror: [m[Ktypedef â€˜[01m[Krobot_t[m[Kâ€™ is initialized (use â€˜[01m[Kdecltype[m[Kâ€™ instead)
[14.633s]    31 | struct typedef [01;31m[Krobot_t[m[K{
[14.633s]       |                [01;31m[K^~~~~~~[m[K
[14.634s] [01m[K/home/pi/documents/STA_github/ros2_ws/src/mobile_robot/src/main.cpp:33:25:[m[K [01;31m[Kerror: [m[Kexpected primary-expression before â€˜[01m[Kmotor_power[m[Kâ€™
[14.635s]    33 |                 motor_t [01;31m[Kmotor_power[m[K ;
[14.636s]       |                         [01;31m[K^~~~~~~~~~~[m[K
[14.636s] [01m[K/home/pi/documents/STA_github/ros2_ws/src/mobile_robot/src/main.cpp:33:25:[m[K [01;31m[Kerror: [m[Kexpected â€˜[01m[K}[m[Kâ€™ before â€˜[01m[Kmotor_power[m[Kâ€™
[14.637s] [01m[K/home/pi/documents/STA_github/ros2_ws/src/mobile_robot/src/main.cpp:31:23:[m[K [01;36m[Knote: [m[Kto match this â€˜[01m[K{[m[Kâ€™
[14.637s]    31 | struct typedef robot_t[01;36m[K{[m[K
[14.638s]       |                       [01;36m[K^[m[K
[14.639s] [01m[K/home/pi/documents/STA_github/ros2_ws/src/mobile_robot/src/main.cpp:45:1:[m[K [01;31m[Kerror: [m[Kexpected declaration before â€˜[01m[K}[m[Kâ€™ token
[14.639s]    45 | [01;31m[K}[m[K robot_t ;
[14.640s]       | [01;31m[K^[m[K
[14.640s] [01m[K/home/pi/documents/STA_github/ros2_ws/src/mobile_robot/src/main.cpp:45:3:[m[K [01;31m[Kerror: [m[Kâ€˜[01m[Krobot_t[m[Kâ€™ does not name a type
[14.641s]    45 | } [01;31m[Krobot_t[m[K ;
[14.641s]       |   [01;31m[K^~~~~~~[m[K
[15.030s] [01m[K/home/pi/documents/STA_github/ros2_ws/src/mobile_robot/src/main.cpp:[m[K In function â€˜[01m[Kint main(int, char**)[m[Kâ€™:
[15.031s] [01m[K/home/pi/documents/STA_github/ros2_ws/src/mobile_robot/src/main.cpp:178:9:[m[K [01;31m[Kerror: [m[Kâ€˜[01m[Krobot_t[m[Kâ€™ was not declared in this scope
[15.032s]   178 |         [01;31m[Krobot_t[m[K mobile_robot ;
[15.032s]       |         [01;31m[K^~~~~~~[m[K
[15.050s] [01m[K/home/pi/documents/STA_github/ros2_ws/src/mobile_robot/src/main.cpp:181:32:[m[K [01;31m[Kerror: [m[Kâ€˜[01m[Kmobile_robot[m[Kâ€™ was not declared in this scope
[15.051s]   181 |         n = read(serial_port, &[01;31m[Kmobile_robot[m[K, sizeof(robot_t));
[15.051s]       |                                [01;31m[K^~~~~~~~~~~~[m[K
[15.053s] In file included from [01m[K/opt/ros/iron/include/rclcpp/rclcpp/logging.hpp:24[m[K,
[15.054s]                  from [01m[K/opt/ros/iron/include/rclcpp/rclcpp/client.hpp:43[m[K,
[15.054s]                  from [01m[K/opt/ros/iron/include/rclcpp/rclcpp/callback_group.hpp:24[m[K,
[15.055s]                  from [01m[K/opt/ros/iron/include/rclcpp/rclcpp/any_executable.hpp:20[m[K,
[15.055s]                  from [01m[K/opt/ros/iron/include/rclcpp/rclcpp/memory_strategy.hpp:25[m[K,
[15.056s]                  from [01m[K/opt/ros/iron/include/rclcpp/rclcpp/memory_strategies.hpp:18[m[K,
[15.056s]                  from [01m[K/opt/ros/iron/include/rclcpp/rclcpp/executor_options.hpp:20[m[K,
[15.057s]                  from [01m[K/opt/ros/iron/include/rclcpp/rclcpp/executor.hpp:37[m[K,
[15.057s]                  from [01m[K/opt/ros/iron/include/rclcpp/rclcpp/executors/multi_threaded_executor.hpp:25[m[K,
[15.058s]                  from [01m[K/opt/ros/iron/include/rclcpp/rclcpp/executors.hpp:21[m[K,
[15.058s]                  from [01m[K/opt/ros/iron/include/rclcpp/rclcpp/rclcpp.hpp:167[m[K,
[15.059s]                  from [01m[K/home/pi/documents/STA_github/ros2_ws/src/mobile_robot/src/main.cpp:14[m[K:
[15.059s] [01m[K/home/pi/documents/STA_github/ros2_ws/src/mobile_robot/src/main.cpp:204:45:[m[K [01;35m[Kwarning: [m[Kformat not a string literal and no format arguments [[01;35m[K]8;;https://gcc.gnu.org/onlinedocs/gcc/Warning-Options.html#index-Wformat-security-Wformat-security]8;;[m[K]
[15.060s]   204 |             RCLCPP_INFO(node->get_logger(), [01;35m[Kbuffer[m[K);
[15.060s]       |                                             [01;35m[K^~~~~~[m[K
[15.070s] [01m[K/home/pi/documents/STA_github/ros2_ws/src/mobile_robot/src/main.cpp:174:13:[m[K [01;35m[Kwarning: [m[Kunused variable â€˜[01m[Kj[m[Kâ€™ [[01;35m[K]8;;https://gcc.gnu.org/onlinedocs/gcc/Warning-Options.html#index-Wunused-variable-Wunused-variable]8;;[m[K]
[15.070s]   174 |         int [01;35m[Kj[m[K, n ;
[15.071s]       |             [01;35m[K^[m[K
[15.072s] [01m[K/home/pi/documents/STA_github/ros2_ws/src/mobile_robot/src/main.cpp:148:9:[m[K [01;35m[Kwarning: [m[Kunused variable â€˜[01m[Kcounter[m[Kâ€™ [[01;35m[K]8;;https://gcc.gnu.org/onlinedocs/gcc/Warning-Options.html#index-Wunused-variable-Wunused-variable]8;;[m[K]
[15.072s]   148 |     int [01;35m[Kcounter[m[K = 0;
[15.073s]       |         [01;35m[K^~~~~~~[m[K
[24.027s] gmake[2]: *** [CMakeFiles/mobile_robot.dir/build.make:76: CMakeFiles/mobile_robot.dir/src/main.cpp.o] Error 1
[24.029s] gmake[1]: *** [CMakeFiles/Makefile2:137: CMakeFiles/mobile_robot.dir/all] Error 2
[24.037s] gmake: *** [Makefile:146: all] Error 2
[24.039s] Invoked command in '/home/pi/documents/STA_github/ros2_ws/build/mobile_robot' returned '2': CMAKE_PREFIX_PATH=${CMAKE_PREFIX_PATH}:/opt/ros/iron /usr/bin/cmake --build /home/pi/documents/STA_github/ros2_ws/build/mobile_robot -- -j4 -l4
